---------------------------------------------------------------
[ 2017-07-06T21:44:46+08:00 ] 127.0.0.1 127.0.0.1 POST /index.php/index/center/importhuamingce.html
[ info ] hr.com/index.php/index/center/importhuamingce.html [运行时间：0.165009s][吞吐率：6.06req/s] [内存消耗：1,653.44kb] [文件加载：42]
[ info ] [ LANG ] D:\wamp\www\hr\thinkphp\lang\zh-cn.php
[ info ] [ ROUTE ] array (
  'type' => 'module',
  'module' => 
  array (
    0 => 'index',
    1 => 'center',
    2 => 'importhuamingce',
  ),
)
[ info ] [ HEADER ] array (
  'host' => 'hr.com',
  'user-agent' => 'Mozilla/5.0 (Windows NT 6.1; rv:54.0) Gecko/20100101 Firefox/54.0',
  'accept' => 'text/html,application/xhtml+xml,application/xml;q=0.9,*/*;q=0.8',
  'accept-language' => 'zh-CN,zh;q=0.8,en-US;q=0.5,en;q=0.3',
  'accept-encoding' => 'gzip, deflate',
  'content-type' => 'multipart/form-data; boundary=---------------------------13259116481232',
  'content-length' => '56143',
  'referer' => 'http://hr.com/index.php/index/center/huamingce.html',
  'cookie' => 'thinkphp_show_page_trace=0|0; thinkphp_show_page_trace=0|0; PHPSESSID=vb0q5o9uvsqh4hi0vfpd35mt37',
  'connection' => 'keep-alive',
  'upgrade-insecure-requests' => '1',
  'pragma' => 'no-cache',
  'cache-control' => 'no-cache',
)
[ info ] [ PARAM ] array (
)
[ info ] [ SESSION ] INIT array (
  'id' => '',
  'var_session_id' => '',
  'prefix' => 'think',
  'type' => '',
  'auto_start' => true,
)
[ info ] [ RUN ] app\index\controller\Center->importHuamingce[ D:\wamp\www\hr\application\index\controller\Center.php ]
[ info ] [ LOG ] INIT File
---------------------------------------------------------------
[ 2017-07-06T21:50:59+08:00 ] 127.0.0.1 127.0.0.1 POST /index.php/index/center/importhuamingce.html
[ info ] hr.com/index.php/index/center/importhuamingce.html [运行时间：0.668039s][吞吐率：1.50req/s] [内存消耗：1,621.05kb] [文件加载：45]
[ info ] [ LANG ] D:\wamp\www\hr\thinkphp\lang\zh-cn.php
[ info ] [ ROUTE ] array (
  'type' => 'module',
  'module' => 
  array (
    0 => 'index',
    1 => 'center',
    2 => 'importhuamingce',
  ),
)
[ info ] [ HEADER ] array (
  'host' => 'hr.com',
  'user-agent' => 'Mozilla/5.0 (Windows NT 6.1; rv:54.0) Gecko/20100101 Firefox/54.0',
  'accept' => 'text/html,application/xhtml+xml,application/xml;q=0.9,*/*;q=0.8',
  'accept-language' => 'zh-CN,zh;q=0.8,en-US;q=0.5,en;q=0.3',
  'accept-encoding' => 'gzip, deflate',
  'content-type' => 'multipart/form-data; boundary=---------------------------13259116481232',
  'content-length' => '56143',
  'referer' => 'http://hr.com/index.php/index/center/huamingce.html',
  'cookie' => 'thinkphp_show_page_trace=0|0; thinkphp_show_page_trace=0|0; PHPSESSID=vb0q5o9uvsqh4hi0vfpd35mt37',
  'connection' => 'keep-alive',
  'upgrade-insecure-requests' => '1',
  'pragma' => 'no-cache',
  'cache-control' => 'no-cache',
)
[ info ] [ PARAM ] array (
)
[ info ] [ SESSION ] INIT array (
  'id' => '',
  'var_session_id' => '',
  'prefix' => 'think',
  'type' => '',
  'auto_start' => true,
)
[ info ] [ RUN ] app\index\controller\Center->importHuamingce[ D:\wamp\www\hr\application\index\controller\Center.php ]
[ info ] [ LOG ] INIT File
[ error ] [1]Class 'phpoffice\PHPExcel' not found[D:\wamp\www\hr\application\index\controller\Center.php:25]
---------------------------------------------------------------
[ 2017-07-06T21:51:15+08:00 ] 127.0.0.1 127.0.0.1 POST /index.php/index/center/importhuamingce.html
[ info ] hr.com/index.php/index/center/importhuamingce.html [运行时间：0.136007s][吞吐率：7.35req/s] [内存消耗：1,621.04kb] [文件加载：45]
[ info ] [ LANG ] D:\wamp\www\hr\thinkphp\lang\zh-cn.php
[ info ] [ ROUTE ] array (
  'type' => 'module',
  'module' => 
  array (
    0 => 'index',
    1 => 'center',
    2 => 'importhuamingce',
  ),
)
[ info ] [ HEADER ] array (
  'host' => 'hr.com',
  'user-agent' => 'Mozilla/5.0 (Windows NT 6.1; rv:54.0) Gecko/20100101 Firefox/54.0',
  'accept' => 'text/html,application/xhtml+xml,application/xml;q=0.9,*/*;q=0.8',
  'accept-language' => 'zh-CN,zh;q=0.8,en-US;q=0.5,en;q=0.3',
  'accept-encoding' => 'gzip, deflate',
  'content-type' => 'multipart/form-data; boundary=---------------------------13259116481232',
  'content-length' => '56143',
  'referer' => 'http://hr.com/index.php/index/center/huamingce.html',
  'cookie' => 'thinkphp_show_page_trace=0|0; thinkphp_show_page_trace=0|0; PHPSESSID=vb0q5o9uvsqh4hi0vfpd35mt37',
  'connection' => 'keep-alive',
  'upgrade-insecure-requests' => '1',
  'pragma' => 'no-cache',
  'cache-control' => 'no-cache',
)
[ info ] [ PARAM ] array (
)
[ info ] [ SESSION ] INIT array (
  'id' => '',
  'var_session_id' => '',
  'prefix' => 'think',
  'type' => '',
  'auto_start' => true,
)
[ info ] [ RUN ] app\index\controller\Center->importHuamingce[ D:\wamp\www\hr\application\index\controller\Center.php ]
[ info ] [ LOG ] INIT File
[ error ] [1]Class 'phpoffice\PHPExcel' not found[D:\wamp\www\hr\application\index\controller\Center.php:25]
---------------------------------------------------------------
[ 2017-07-06T21:51:36+08:00 ] 127.0.0.1 127.0.0.1 POST /index.php/index/center/importhuamingce.html
[ info ] hr.com/index.php/index/center/importhuamingce.html [运行时间：0.303017s][吞吐率：3.30req/s] [内存消耗：1,858.04kb] [文件加载：48]
[ info ] [ LANG ] D:\wamp\www\hr\thinkphp\lang\zh-cn.php
[ info ] [ ROUTE ] array (
  'type' => 'module',
  'module' => 
  array (
    0 => 'index',
    1 => 'center',
    2 => 'importhuamingce',
  ),
)
[ info ] [ HEADER ] array (
  'host' => 'hr.com',
  'user-agent' => 'Mozilla/5.0 (Windows NT 6.1; rv:54.0) Gecko/20100101 Firefox/54.0',
  'accept' => 'text/html,application/xhtml+xml,application/xml;q=0.9,*/*;q=0.8',
  'accept-language' => 'zh-CN,zh;q=0.8,en-US;q=0.5,en;q=0.3',
  'accept-encoding' => 'gzip, deflate',
  'content-type' => 'multipart/form-data; boundary=---------------------------13259116481232',
  'content-length' => '56143',
  'referer' => 'http://hr.com/index.php/index/center/huamingce.html',
  'cookie' => 'thinkphp_show_page_trace=0|0; thinkphp_show_page_trace=0|0; PHPSESSID=vb0q5o9uvsqh4hi0vfpd35mt37',
  'connection' => 'keep-alive',
  'upgrade-insecure-requests' => '1',
  'pragma' => 'no-cache',
  'cache-control' => 'no-cache',
)
[ info ] [ PARAM ] array (
)
[ info ] [ SESSION ] INIT array (
  'id' => '',
  'var_session_id' => '',
  'prefix' => 'think',
  'type' => '',
  'auto_start' => true,
)
[ info ] [ RUN ] app\index\controller\Center->importHuamingce[ D:\wamp\www\hr\application\index\controller\Center.php ]
[ info ] [ LOG ] INIT File
[ error ] [1]Undefined constant 'phpoffice\PHPExcel'[D:\wamp\www\hr\vendor\phpoffice\phpexcel\Classes\PHPExcel.php:43]
---------------------------------------------------------------
[ 2017-07-06T21:51:51+08:00 ] 127.0.0.1 127.0.0.1 POST /index.php/index/center/importhuamingce.html
[ info ] hr.com/index.php/index/center/importhuamingce.html [运行时间：0.482027s][吞吐率：2.07req/s] [内存消耗：1,626.73kb] [文件加载：45]
[ info ] [ LANG ] D:\wamp\www\hr\thinkphp\lang\zh-cn.php
[ info ] [ ROUTE ] array (
  'type' => 'module',
  'module' => 
  array (
    0 => 'index',
    1 => 'center',
    2 => 'importhuamingce',
  ),
)
[ info ] [ HEADER ] array (
  'host' => 'hr.com',
  'user-agent' => 'Mozilla/5.0 (Windows NT 6.1; rv:54.0) Gecko/20100101 Firefox/54.0',
  'accept' => 'text/html,application/xhtml+xml,application/xml;q=0.9,*/*;q=0.8',
  'accept-language' => 'zh-CN,zh;q=0.8,en-US;q=0.5,en;q=0.3',
  'accept-encoding' => 'gzip, deflate',
  'content-type' => 'multipart/form-data; boundary=---------------------------13259116481232',
  'content-length' => '56143',
  'referer' => 'http://hr.com/index.php/index/center/huamingce.html',
  'cookie' => 'thinkphp_show_page_trace=0|0; thinkphp_show_page_trace=0|0; PHPSESSID=vb0q5o9uvsqh4hi0vfpd35mt37',
  'connection' => 'keep-alive',
  'upgrade-insecure-requests' => '1',
  'pragma' => 'no-cache',
  'cache-control' => 'no-cache',
)
[ info ] [ PARAM ] array (
)
[ info ] [ SESSION ] INIT array (
  'id' => '',
  'var_session_id' => '',
  'prefix' => 'think',
  'type' => '',
  'auto_start' => true,
)
[ info ] [ RUN ] app\index\controller\Center->importHuamingce[ D:\wamp\www\hr\application\index\controller\Center.php ]
[ info ] [ LOG ] INIT File
[ error ] [64]Namespace declaration statement has to be the very first statement in the script[D:\wamp\www\hr\vendor\phpoffice\phpexcel\Classes\PHPExcel.php:43]
---------------------------------------------------------------
[ 2017-07-06T21:52:14+08:00 ] 127.0.0.1 127.0.0.1 POST /index.php/index/center/importhuamingce.html
[ info ] hr.com/index.php/index/center/importhuamingce.html [运行时间：1.192068s][吞吐率：0.84req/s] [内存消耗：3,789.18kb] [文件加载：75]
[ info ] [ LANG ] D:\wamp\www\hr\thinkphp\lang\zh-cn.php
[ info ] [ ROUTE ] array (
  'type' => 'module',
  'module' => 
  array (
    0 => 'index',
    1 => 'center',
    2 => 'importhuamingce',
  ),
)
[ info ] [ HEADER ] array (
  'host' => 'hr.com',
  'user-agent' => 'Mozilla/5.0 (Windows NT 6.1; rv:54.0) Gecko/20100101 Firefox/54.0',
  'accept' => 'text/html,application/xhtml+xml,application/xml;q=0.9,*/*;q=0.8',
  'accept-language' => 'zh-CN,zh;q=0.8,en-US;q=0.5,en;q=0.3',
  'accept-encoding' => 'gzip, deflate',
  'content-type' => 'multipart/form-data; boundary=---------------------------13259116481232',
  'content-length' => '56143',
  'referer' => 'http://hr.com/index.php/index/center/huamingce.html',
  'cookie' => 'thinkphp_show_page_trace=0|0; thinkphp_show_page_trace=0|0; PHPSESSID=vb0q5o9uvsqh4hi0vfpd35mt37',
  'connection' => 'keep-alive',
  'upgrade-insecure-requests' => '1',
  'pragma' => 'no-cache',
  'cache-control' => 'no-cache',
)
[ info ] [ PARAM ] array (
)
[ info ] [ SESSION ] INIT array (
  'id' => '',
  'var_session_id' => '',
  'prefix' => 'think',
  'type' => '',
  'auto_start' => true,
)
[ info ] [ RUN ] app\index\controller\Center->importHuamingce[ D:\wamp\www\hr\application\index\controller\Center.php ]
[ info ] [ LOG ] INIT File
---------------------------------------------------------------
[ 2017-07-06T21:52:27+08:00 ] 127.0.0.1 127.0.0.1 POST /index.php/index/center/importhuamingce.html
[ info ] hr.com/index.php/index/center/importhuamingce.html [运行时间：0.549032s][吞吐率：1.82req/s] [内存消耗：3,789.18kb] [文件加载：75]
[ info ] [ LANG ] D:\wamp\www\hr\thinkphp\lang\zh-cn.php
[ info ] [ ROUTE ] array (
  'type' => 'module',
  'module' => 
  array (
    0 => 'index',
    1 => 'center',
    2 => 'importhuamingce',
  ),
)
[ info ] [ HEADER ] array (
  'host' => 'hr.com',
  'user-agent' => 'Mozilla/5.0 (Windows NT 6.1; rv:54.0) Gecko/20100101 Firefox/54.0',
  'accept' => 'text/html,application/xhtml+xml,application/xml;q=0.9,*/*;q=0.8',
  'accept-language' => 'zh-CN,zh;q=0.8,en-US;q=0.5,en;q=0.3',
  'accept-encoding' => 'gzip, deflate',
  'content-type' => 'multipart/form-data; boundary=---------------------------13259116481232',
  'content-length' => '56143',
  'referer' => 'http://hr.com/index.php/index/center/huamingce.html',
  'cookie' => 'thinkphp_show_page_trace=0|0; thinkphp_show_page_trace=0|0; PHPSESSID=vb0q5o9uvsqh4hi0vfpd35mt37',
  'connection' => 'keep-alive',
  'upgrade-insecure-requests' => '1',
  'pragma' => 'no-cache',
  'cache-control' => 'no-cache',
)
[ info ] [ PARAM ] array (
)
[ info ] [ SESSION ] INIT array (
  'id' => '',
  'var_session_id' => '',
  'prefix' => 'think',
  'type' => '',
  'auto_start' => true,
)
[ info ] [ RUN ] app\index\controller\Center->importHuamingce[ D:\wamp\www\hr\application\index\controller\Center.php ]
[ info ] [ LOG ] INIT File
---------------------------------------------------------------
[ 2017-07-06T21:52:42+08:00 ] 127.0.0.1 127.0.0.1 POST /index.php/index/center/importhuamingce.html
[ info ] hr.com/index.php/index/center/importhuamingce.html [运行时间：0.216013s][吞吐率：4.63req/s] [内存消耗：3,841.05kb] [文件加载：75]
[ info ] [ LANG ] D:\wamp\www\hr\thinkphp\lang\zh-cn.php
[ info ] [ ROUTE ] array (
  'type' => 'module',
  'module' => 
  array (
    0 => 'index',
    1 => 'center',
    2 => 'importhuamingce',
  ),
)
[ info ] [ HEADER ] array (
  'host' => 'hr.com',
  'user-agent' => 'Mozilla/5.0 (Windows NT 6.1; rv:54.0) Gecko/20100101 Firefox/54.0',
  'accept' => 'text/html,application/xhtml+xml,application/xml;q=0.9,*/*;q=0.8',
  'accept-language' => 'zh-CN,zh;q=0.8,en-US;q=0.5,en;q=0.3',
  'accept-encoding' => 'gzip, deflate',
  'content-type' => 'multipart/form-data; boundary=---------------------------13259116481232',
  'content-length' => '56143',
  'referer' => 'http://hr.com/index.php/index/center/huamingce.html',
  'cookie' => 'thinkphp_show_page_trace=0|0; thinkphp_show_page_trace=0|0; PHPSESSID=vb0q5o9uvsqh4hi0vfpd35mt37',
  'connection' => 'keep-alive',
  'upgrade-insecure-requests' => '1',
  'pragma' => 'no-cache',
  'cache-control' => 'no-cache',
)
[ info ] [ PARAM ] array (
)
[ info ] [ SESSION ] INIT array (
  'id' => '',
  'var_session_id' => '',
  'prefix' => 'think',
  'type' => '',
  'auto_start' => true,
)
[ info ] [ RUN ] app\index\controller\Center->importHuamingce[ D:\wamp\www\hr\application\index\controller\Center.php ]
[ info ] [ LOG ] INIT File
---------------------------------------------------------------
[ 2017-07-06T21:52:56+08:00 ] 127.0.0.1 127.0.0.1 POST /index.php/index/center/importhuamingce.html
[ info ] hr.com/index.php/index/center/importhuamingce.html [运行时间：0.219012s][吞吐率：4.57req/s] [内存消耗：1,621.43kb] [文件加载：45]
[ info ] [ LANG ] D:\wamp\www\hr\thinkphp\lang\zh-cn.php
[ info ] [ ROUTE ] array (
  'type' => 'module',
  'module' => 
  array (
    0 => 'index',
    1 => 'center',
    2 => 'importhuamingce',
  ),
)
[ info ] [ HEADER ] array (
  'host' => 'hr.com',
  'user-agent' => 'Mozilla/5.0 (Windows NT 6.1; rv:54.0) Gecko/20100101 Firefox/54.0',
  'accept' => 'text/html,application/xhtml+xml,application/xml;q=0.9,*/*;q=0.8',
  'accept-language' => 'zh-CN,zh;q=0.8,en-US;q=0.5,en;q=0.3',
  'accept-encoding' => 'gzip, deflate',
  'content-type' => 'multipart/form-data; boundary=---------------------------13259116481232',
  'content-length' => '56143',
  'referer' => 'http://hr.com/index.php/index/center/huamingce.html',
  'cookie' => 'thinkphp_show_page_trace=0|0; thinkphp_show_page_trace=0|0; PHPSESSID=vb0q5o9uvsqh4hi0vfpd35mt37',
  'connection' => 'keep-alive',
  'upgrade-insecure-requests' => '1',
  'pragma' => 'no-cache',
  'cache-control' => 'no-cache',
)
[ info ] [ PARAM ] array (
)
[ info ] [ SESSION ] INIT array (
  'id' => '',
  'var_session_id' => '',
  'prefix' => 'think',
  'type' => '',
  'auto_start' => true,
)
[ info ] [ RUN ] app\index\controller\Center->importHuamingce[ D:\wamp\www\hr\application\index\controller\Center.php ]
[ info ] [ LOG ] INIT File
[ error ] [1]Class 'app\index\controller\PHPExcel' not found[D:\wamp\www\hr\application\index\controller\Center.php:24]
