---------------------------------------------------------------
[ 2017-07-31T10:57:55+08:00 ] ::1 ::1 GET /hr/
[ info ] localhost/hr/ [运行时间：0.390000s][吞吐率：2.56req/s] [内存消耗：1,591.54kb] [文件加载：45]
[ info ] [ LANG ] E:\php\www\hr\thinkphp\lang\zh-cn.php
[ info ] [ ROUTE ] array (
  'type' => 'module',
  'module' => 
  array (
    0 => '',
    1 => NULL,
    2 => NULL,
  ),
)
[ info ] [ HEADER ] array (
  'host' => 'localhost',
  'connection' => 'keep-alive',
  'upgrade-insecure-requests' => '1',
  'user-agent' => 'Mozilla/5.0 (Windows NT 6.1; WOW64) AppleWebKit/537.36 (KHTML, like Gecko) Chrome/56.0.2924.87 Safari/537.36',
  'accept' => 'text/html,application/xhtml+xml,application/xml;q=0.9,image/webp,*/*;q=0.8',
  'accept-encoding' => 'gzip, deflate, sdch, br',
  'accept-language' => 'zh-CN,zh;q=0.8',
  'cookie' => 'PHPSESSID=jb0fut69r4eg3j9i5flj3hkp10; B7F0_cart_goods_num=0',
)
[ info ] [ PARAM ] array (
)
[ info ] [ RUN ] app\index\controller\Index->index[ E:\php\www\hr\application\index\controller\Index.php ]
[ info ] [ VIEW ] E:\php\www\hr/application/index\view\index\index.html [ array (
) ]
[ info ] [ LOG ] INIT File
---------------------------------------------------------------
[ 2017-07-31T11:01:54+08:00 ] ::1 ::1 GET /hr/index/index/logout.html
[ info ] localhost/hr/index/index/logout.html [运行时间：0.091000s][吞吐率：10.99req/s] [内存消耗：1,403.61kb] [文件加载：40]
[ info ] [ LANG ] E:\php\www\hr\thinkphp\lang\zh-cn.php
[ info ] [ ROUTE ] array (
  'type' => 'module',
  'module' => 
  array (
    0 => 'index',
    1 => 'index',
    2 => 'logout',
  ),
)
[ info ] [ HEADER ] array (
  'host' => 'localhost',
  'connection' => 'keep-alive',
  'upgrade-insecure-requests' => '1',
  'user-agent' => 'Mozilla/5.0 (Windows NT 6.1; WOW64) AppleWebKit/537.36 (KHTML, like Gecko) Chrome/56.0.2924.87 Safari/537.36',
  'accept' => 'text/html,application/xhtml+xml,application/xml;q=0.9,image/webp,*/*;q=0.8',
  'referer' => 'http://localhost/hr/',
  'accept-encoding' => 'gzip, deflate, sdch, br',
  'accept-language' => 'zh-CN,zh;q=0.8',
  'cookie' => 'thinkphp_show_page_trace=0|0; PHPSESSID=jb0fut69r4eg3j9i5flj3hkp10; B7F0_cart_goods_num=0',
)
[ info ] [ PARAM ] array (
)
[ info ] [ RUN ] app\index\controller\Index->logOut[ E:\php\www\hr\application\index\controller\Index.php ]
[ info ] [ SESSION ] INIT array (
  'id' => '',
  'var_session_id' => '',
  'prefix' => 'think',
  'type' => '',
  'auto_start' => true,
)
[ info ] [ LOG ] INIT File
---------------------------------------------------------------
[ 2017-07-31T11:01:54+08:00 ] ::1 ::1 GET /hr/index/index/index.html
[ info ] localhost/hr/index/index/index.html [运行时间：0.034000s][吞吐率：29.41req/s] [内存消耗：1,456.05kb] [文件加载：43]
[ info ] [ LANG ] E:\php\www\hr\thinkphp\lang\zh-cn.php
[ info ] [ ROUTE ] array (
  'type' => 'module',
  'module' => 
  array (
    0 => 'index',
    1 => 'index',
    2 => 'index',
  ),
)
[ info ] [ HEADER ] array (
  'host' => 'localhost',
  'connection' => 'keep-alive',
  'upgrade-insecure-requests' => '1',
  'user-agent' => 'Mozilla/5.0 (Windows NT 6.1; WOW64) AppleWebKit/537.36 (KHTML, like Gecko) Chrome/56.0.2924.87 Safari/537.36',
  'accept' => 'text/html,application/xhtml+xml,application/xml;q=0.9,image/webp,*/*;q=0.8',
  'referer' => 'http://localhost/hr/',
  'accept-encoding' => 'gzip, deflate, sdch, br',
  'accept-language' => 'zh-CN,zh;q=0.8',
  'cookie' => 'thinkphp_show_page_trace=0|0; PHPSESSID=jb0fut69r4eg3j9i5flj3hkp10; B7F0_cart_goods_num=0',
)
[ info ] [ PARAM ] array (
)
[ info ] [ RUN ] app\index\controller\Index->index[ E:\php\www\hr\application\index\controller\Index.php ]
[ info ] [ VIEW ] E:\php\www\hr/application/index\view\index\index.html [ array (
) ]
[ info ] [ LOG ] INIT File
---------------------------------------------------------------
[ 2017-07-31T11:02:02+08:00 ] ::1 ::1 GET /hr/index/center/index.html
[ info ] localhost/hr/index/center/index.html [运行时间：0.030000s][吞吐率：33.33req/s] [内存消耗：1,403.79kb] [文件加载：41]
[ info ] [ LANG ] E:\php\www\hr\thinkphp\lang\zh-cn.php
[ info ] [ ROUTE ] array (
  'type' => 'module',
  'module' => 
  array (
    0 => 'index',
    1 => 'center',
    2 => 'index',
  ),
)
[ info ] [ HEADER ] array (
  'host' => 'localhost',
  'connection' => 'keep-alive',
  'upgrade-insecure-requests' => '1',
  'user-agent' => 'Mozilla/5.0 (Windows NT 6.1; WOW64) AppleWebKit/537.36 (KHTML, like Gecko) Chrome/56.0.2924.87 Safari/537.36',
  'accept' => 'text/html,application/xhtml+xml,application/xml;q=0.9,image/webp,*/*;q=0.8',
  'referer' => 'http://localhost/hr/index/index/index.html',
  'accept-encoding' => 'gzip, deflate, sdch, br',
  'accept-language' => 'zh-CN,zh;q=0.8',
  'cookie' => 'thinkphp_show_page_trace=0|0; PHPSESSID=jb0fut69r4eg3j9i5flj3hkp10; B7F0_cart_goods_num=0',
)
[ info ] [ PARAM ] array (
)
[ info ] [ SESSION ] INIT array (
  'id' => '',
  'var_session_id' => '',
  'prefix' => 'think',
  'type' => '',
  'auto_start' => true,
)
[ info ] [ LOG ] INIT File
---------------------------------------------------------------
[ 2017-07-31T11:02:02+08:00 ] ::1 ::1 GET /hr/index/index/login.html
[ info ] localhost/hr/index/index/login.html [运行时间：0.019000s][吞吐率：52.63req/s] [内存消耗：1,594.81kb] [文件加载：45]
[ info ] [ LANG ] E:\php\www\hr\thinkphp\lang\zh-cn.php
[ info ] [ ROUTE ] array (
  'type' => 'module',
  'module' => 
  array (
    0 => 'index',
    1 => 'index',
    2 => 'login',
  ),
)
[ info ] [ HEADER ] array (
  'host' => 'localhost',
  'connection' => 'keep-alive',
  'upgrade-insecure-requests' => '1',
  'user-agent' => 'Mozilla/5.0 (Windows NT 6.1; WOW64) AppleWebKit/537.36 (KHTML, like Gecko) Chrome/56.0.2924.87 Safari/537.36',
  'accept' => 'text/html,application/xhtml+xml,application/xml;q=0.9,image/webp,*/*;q=0.8',
  'referer' => 'http://localhost/hr/index/index/index.html',
  'accept-encoding' => 'gzip, deflate, sdch, br',
  'accept-language' => 'zh-CN,zh;q=0.8',
  'cookie' => 'thinkphp_show_page_trace=1|4; thinkphp_show_page_trace=0|0; PHPSESSID=jb0fut69r4eg3j9i5flj3hkp10; B7F0_cart_goods_num=0',
)
[ info ] [ PARAM ] array (
)
[ info ] [ RUN ] app\index\controller\Index->login[ E:\php\www\hr\application\index\controller\Index.php ]
[ info ] [ VIEW ] E:\php\www\hr/application/index\view\index\login.html [ array (
) ]
[ info ] [ LOG ] INIT File
---------------------------------------------------------------
[ 2017-07-31T11:02:04+08:00 ] ::1 ::1 POST /hr/index/index/loginact.html
[ info ] localhost/hr/index/index/loginact.html [运行时间：0.146000s][吞吐率：6.85req/s] [内存消耗：1,705.50kb] [文件加载：46]
[ info ] [ LANG ] E:\php\www\hr\thinkphp\lang\zh-cn.php
[ info ] [ ROUTE ] array (
  'type' => 'module',
  'module' => 
  array (
    0 => 'index',
    1 => 'index',
    2 => 'loginact',
  ),
)
[ info ] [ HEADER ] array (
  'host' => 'localhost',
  'connection' => 'keep-alive',
  'content-length' => '19',
  'cache-control' => 'max-age=0',
  'origin' => 'http://localhost',
  'upgrade-insecure-requests' => '1',
  'user-agent' => 'Mozilla/5.0 (Windows NT 6.1; WOW64) AppleWebKit/537.36 (KHTML, like Gecko) Chrome/56.0.2924.87 Safari/537.36',
  'content-type' => 'application/x-www-form-urlencoded',
  'accept' => 'text/html,application/xhtml+xml,application/xml;q=0.9,image/webp,*/*;q=0.8',
  'referer' => 'http://localhost/hr/index/index/login.html',
  'accept-encoding' => 'gzip, deflate, br',
  'accept-language' => 'zh-CN,zh;q=0.8',
  'cookie' => 'thinkphp_show_page_trace=1|4; thinkphp_show_page_trace=0|0; PHPSESSID=jb0fut69r4eg3j9i5flj3hkp10; B7F0_cart_goods_num=0',
)
[ info ] [ PARAM ] array (
  'uname' => '123',
  'upass' => '123',
)
[ info ] [ RUN ] app\index\controller\Index->loginAct[ E:\php\www\hr\application\index\controller\Index.php ]
[ info ] [ VIEW ] E:\php\www\hr\thinkphp\tpl\dispatch_jump.tpl [ array (
  0 => 'code',
  1 => 'msg',
  2 => 'data',
  3 => 'url',
  4 => 'wait',
) ]
[ info ] [ LOG ] INIT File
---------------------------------------------------------------
[ 2017-07-31T11:02:11+08:00 ] ::1 ::1 POST /hr/index/index/loginact.html
[ info ] localhost/hr/index/index/loginact.html [运行时间：1.850000s][吞吐率：0.54req/s] [内存消耗：2,589.42kb] [文件加载：50]
[ info ] [ LANG ] E:\php\www\hr\thinkphp\lang\zh-cn.php
[ info ] [ ROUTE ] array (
  'type' => 'module',
  'module' => 
  array (
    0 => 'index',
    1 => 'index',
    2 => 'loginact',
  ),
)
[ info ] [ HEADER ] array (
  'host' => 'localhost',
  'connection' => 'keep-alive',
  'content-length' => '22',
  'cache-control' => 'max-age=0',
  'origin' => 'http://localhost',
  'upgrade-insecure-requests' => '1',
  'user-agent' => 'Mozilla/5.0 (Windows NT 6.1; WOW64) AppleWebKit/537.36 (KHTML, like Gecko) Chrome/56.0.2924.87 Safari/537.36',
  'content-type' => 'application/x-www-form-urlencoded',
  'accept' => 'text/html,application/xhtml+xml,application/xml;q=0.9,image/webp,*/*;q=0.8',
  'referer' => 'http://localhost/hr/index/index/login.html',
  'accept-encoding' => 'gzip, deflate, br',
  'accept-language' => 'zh-CN,zh;q=0.8',
  'cookie' => 'thinkphp_show_page_trace=1|4; thinkphp_show_page_trace=0|0; PHPSESSID=jb0fut69r4eg3j9i5flj3hkp10; B7F0_cart_goods_num=0',
)
[ info ] [ PARAM ] array (
  'uname' => '123',
  'upass' => '123456',
)
[ info ] [ RUN ] app\index\controller\Index->loginAct[ E:\php\www\hr\application\index\controller\Index.php ]
[ info ] [ DB ] INIT mysql
[ info ] [ SESSION ] INIT array (
  'id' => '',
  'var_session_id' => '',
  'prefix' => 'think',
  'type' => '',
  'auto_start' => true,
)
[ info ] [ LOG ] INIT File
[ sql ] [ DB ] CONNECT:[ UseTime:1.453000s ] mysql:dbname=r9uv23iw2j;host=rm-bp1dx8c6774yz15o9.mysql.rds.aliyuncs.com;charset=utf8
[ sql ] [ SQL ] SHOW COLUMNS FROM `hr_user` [ RunTime:0.121000s ]
[ sql ] [ SQL ] SELECT * FROM `hr_user` WHERE  `uname` = '123' LIMIT 1 [ RunTime:0.109000s ]
---------------------------------------------------------------
[ 2017-07-31T11:02:11+08:00 ] ::1 ::1 GET /hr/index/center/index.html
[ info ] localhost/hr/index/center/index.html [运行时间：0.024000s][吞吐率：41.67req/s] [内存消耗：1,597.45kb] [文件加载：46]
[ info ] [ LANG ] E:\php\www\hr\thinkphp\lang\zh-cn.php
[ info ] [ ROUTE ] array (
  'type' => 'module',
  'module' => 
  array (
    0 => 'index',
    1 => 'center',
    2 => 'index',
  ),
)
[ info ] [ HEADER ] array (
  'host' => 'localhost',
  'connection' => 'keep-alive',
  'cache-control' => 'max-age=0',
  'upgrade-insecure-requests' => '1',
  'user-agent' => 'Mozilla/5.0 (Windows NT 6.1; WOW64) AppleWebKit/537.36 (KHTML, like Gecko) Chrome/56.0.2924.87 Safari/537.36',
  'accept' => 'text/html,application/xhtml+xml,application/xml;q=0.9,image/webp,*/*;q=0.8',
  'referer' => 'http://localhost/hr/index/index/login.html',
  'accept-encoding' => 'gzip, deflate, sdch, br',
  'accept-language' => 'zh-CN,zh;q=0.8',
  'cookie' => 'thinkphp_show_page_trace=0|0; PHPSESSID=jb0fut69r4eg3j9i5flj3hkp10; B7F0_cart_goods_num=0',
)
[ info ] [ PARAM ] array (
)
[ info ] [ SESSION ] INIT array (
  'id' => '',
  'var_session_id' => '',
  'prefix' => 'think',
  'type' => '',
  'auto_start' => true,
)
[ info ] [ RUN ] app\index\controller\Center->index[ E:\php\www\hr\application\index\controller\Center.php ]
[ info ] [ VIEW ] E:\php\www\hr/application/index\view\center\index.html [ array (
) ]
[ info ] [ LOG ] INIT File
---------------------------------------------------------------
[ 2017-07-31T11:06:37+08:00 ] ::1 ::1 GET /hr/index/center/huamingce.html
[ info ] localhost/hr/index/center/huamingce.html [运行时间：0.032000s][吞吐率：31.25req/s] [内存消耗：1,598.02kb] [文件加载：46]
[ info ] [ LANG ] E:\php\www\hr\thinkphp\lang\zh-cn.php
[ info ] [ ROUTE ] array (
  'type' => 'module',
  'module' => 
  array (
    0 => 'index',
    1 => 'center',
    2 => 'huamingce',
  ),
)
[ info ] [ HEADER ] array (
  'host' => 'localhost',
  'connection' => 'keep-alive',
  'upgrade-insecure-requests' => '1',
  'user-agent' => 'Mozilla/5.0 (Windows NT 6.1; WOW64) AppleWebKit/537.36 (KHTML, like Gecko) Chrome/56.0.2924.87 Safari/537.36',
  'accept' => 'text/html,application/xhtml+xml,application/xml;q=0.9,image/webp,*/*;q=0.8',
  'referer' => 'http://localhost/hr/index/center/index.html',
  'accept-encoding' => 'gzip, deflate, sdch, br',
  'accept-language' => 'zh-CN,zh;q=0.8',
  'cookie' => 'thinkphp_show_page_trace=0|0; thinkphp_show_page_trace=0|0; PHPSESSID=jb0fut69r4eg3j9i5flj3hkp10; B7F0_cart_goods_num=0',
)
[ info ] [ PARAM ] array (
)
[ info ] [ SESSION ] INIT array (
  'id' => '',
  'var_session_id' => '',
  'prefix' => 'think',
  'type' => '',
  'auto_start' => true,
)
[ info ] [ RUN ] app\index\controller\Center->huamingce[ E:\php\www\hr\application\index\controller\Center.php ]
[ info ] [ VIEW ] E:\php\www\hr/application/index\view\center\huamingce.html [ array (
) ]
[ info ] [ LOG ] INIT File
---------------------------------------------------------------
[ 2017-07-31T11:06:40+08:00 ] ::1 ::1 GET /hr/index/center/index.html
[ info ] localhost/hr/index/center/index.html [运行时间：0.018000s][吞吐率：55.56req/s] [内存消耗：1,458.90kb] [文件加载：44]
[ info ] [ LANG ] E:\php\www\hr\thinkphp\lang\zh-cn.php
[ info ] [ ROUTE ] array (
  'type' => 'module',
  'module' => 
  array (
    0 => 'index',
    1 => 'center',
    2 => 'index',
  ),
)
[ info ] [ HEADER ] array (
  'host' => 'localhost',
  'connection' => 'keep-alive',
  'upgrade-insecure-requests' => '1',
  'user-agent' => 'Mozilla/5.0 (Windows NT 6.1; WOW64) AppleWebKit/537.36 (KHTML, like Gecko) Chrome/56.0.2924.87 Safari/537.36',
  'accept' => 'text/html,application/xhtml+xml,application/xml;q=0.9,image/webp,*/*;q=0.8',
  'referer' => 'http://localhost/hr/index/index/login.html',
  'accept-encoding' => 'gzip, deflate, sdch, br',
  'accept-language' => 'zh-CN,zh;q=0.8',
  'cookie' => 'thinkphp_show_page_trace=0|0; thinkphp_show_page_trace=0|0; PHPSESSID=jb0fut69r4eg3j9i5flj3hkp10; B7F0_cart_goods_num=0',
)
[ info ] [ PARAM ] array (
)
[ info ] [ SESSION ] INIT array (
  'id' => '',
  'var_session_id' => '',
  'prefix' => 'think',
  'type' => '',
  'auto_start' => true,
)
[ info ] [ RUN ] app\index\controller\Center->index[ E:\php\www\hr\application\index\controller\Center.php ]
[ info ] [ VIEW ] E:\php\www\hr/application/index\view\center\index.html [ array (
) ]
[ info ] [ LOG ] INIT File
---------------------------------------------------------------
[ 2017-07-31T11:06:44+08:00 ] ::1 ::1 POST /hr/index/index/loginact.html
[ info ] localhost/hr/index/index/loginact.html [运行时间：1.782000s][吞吐率：0.56req/s] [内存消耗：2,589.42kb] [文件加载：50]
[ info ] [ LANG ] E:\php\www\hr\thinkphp\lang\zh-cn.php
[ info ] [ ROUTE ] array (
  'type' => 'module',
  'module' => 
  array (
    0 => 'index',
    1 => 'index',
    2 => 'loginact',
  ),
)
[ info ] [ HEADER ] array (
  'host' => 'localhost',
  'connection' => 'keep-alive',
  'content-length' => '22',
  'cache-control' => 'max-age=0',
  'origin' => 'http://localhost',
  'upgrade-insecure-requests' => '1',
  'user-agent' => 'Mozilla/5.0 (Windows NT 6.1; WOW64) AppleWebKit/537.36 (KHTML, like Gecko) Chrome/56.0.2924.87 Safari/537.36',
  'content-type' => 'application/x-www-form-urlencoded',
  'accept' => 'text/html,application/xhtml+xml,application/xml;q=0.9,image/webp,*/*;q=0.8',
  'referer' => 'http://localhost/hr/index/index/login.html',
  'accept-encoding' => 'gzip, deflate, br',
  'accept-language' => 'zh-CN,zh;q=0.8',
  'cookie' => 'thinkphp_show_page_trace=1|4; thinkphp_show_page_trace=0|0; PHPSESSID=jb0fut69r4eg3j9i5flj3hkp10; B7F0_cart_goods_num=0',
)
[ info ] [ PARAM ] array (
  'uname' => '123',
  'upass' => '123456',
)
[ info ] [ RUN ] app\index\controller\Index->loginAct[ E:\php\www\hr\application\index\controller\Index.php ]
[ info ] [ DB ] INIT mysql
[ info ] [ SESSION ] INIT array (
  'id' => '',
  'var_session_id' => '',
  'prefix' => 'think',
  'type' => '',
  'auto_start' => true,
)
[ info ] [ LOG ] INIT File
[ sql ] [ DB ] CONNECT:[ UseTime:1.472000s ] mysql:dbname=r9uv23iw2j;host=rm-bp1dx8c6774yz15o9.mysql.rds.aliyuncs.com;charset=utf8
[ sql ] [ SQL ] SHOW COLUMNS FROM `hr_user` [ RunTime:0.130000s ]
[ sql ] [ SQL ] SELECT * FROM `hr_user` WHERE  `uname` = '123' LIMIT 1 [ RunTime:0.144000s ]
---------------------------------------------------------------
[ 2017-07-31T11:06:44+08:00 ] ::1 ::1 GET /hr/index/center/index.html
[ info ] localhost/hr/index/center/index.html [运行时间：0.020000s][吞吐率：50.00req/s] [内存消耗：1,459.12kb] [文件加载：44]
[ info ] [ LANG ] E:\php\www\hr\thinkphp\lang\zh-cn.php
[ info ] [ ROUTE ] array (
  'type' => 'module',
  'module' => 
  array (
    0 => 'index',
    1 => 'center',
    2 => 'index',
  ),
)
[ info ] [ HEADER ] array (
  'host' => 'localhost',
  'connection' => 'keep-alive',
  'cache-control' => 'max-age=0',
  'upgrade-insecure-requests' => '1',
  'user-agent' => 'Mozilla/5.0 (Windows NT 6.1; WOW64) AppleWebKit/537.36 (KHTML, like Gecko) Chrome/56.0.2924.87 Safari/537.36',
  'accept' => 'text/html,application/xhtml+xml,application/xml;q=0.9,image/webp,*/*;q=0.8',
  'referer' => 'http://localhost/hr/index/index/login.html',
  'accept-encoding' => 'gzip, deflate, sdch, br',
  'accept-language' => 'zh-CN,zh;q=0.8',
  'cookie' => 'thinkphp_show_page_trace=0|0; thinkphp_show_page_trace=0|0; PHPSESSID=jb0fut69r4eg3j9i5flj3hkp10; B7F0_cart_goods_num=0',
)
[ info ] [ PARAM ] array (
)
[ info ] [ SESSION ] INIT array (
  'id' => '',
  'var_session_id' => '',
  'prefix' => 'think',
  'type' => '',
  'auto_start' => true,
)
[ info ] [ RUN ] app\index\controller\Center->index[ E:\php\www\hr\application\index\controller\Center.php ]
[ info ] [ VIEW ] E:\php\www\hr/application/index\view\center\index.html [ array (
) ]
[ info ] [ LOG ] INIT File
---------------------------------------------------------------
[ 2017-07-31T11:14:58+08:00 ] ::1 ::1 POST /hr/index/index/loginact.html
[ info ] localhost/hr/index/index/loginact.html [运行时间：0.748000s][吞吐率：1.34req/s] [内存消耗：2,589.42kb] [文件加载：50]
[ info ] [ LANG ] E:\php\www\hr\thinkphp\lang\zh-cn.php
[ info ] [ ROUTE ] array (
  'type' => 'module',
  'module' => 
  array (
    0 => 'index',
    1 => 'index',
    2 => 'loginact',
  ),
)
[ info ] [ HEADER ] array (
  'host' => 'localhost',
  'connection' => 'keep-alive',
  'content-length' => '22',
  'cache-control' => 'max-age=0',
  'origin' => 'http://localhost',
  'upgrade-insecure-requests' => '1',
  'user-agent' => 'Mozilla/5.0 (Windows NT 6.1; WOW64) AppleWebKit/537.36 (KHTML, like Gecko) Chrome/56.0.2924.87 Safari/537.36',
  'content-type' => 'application/x-www-form-urlencoded',
  'accept' => 'text/html,application/xhtml+xml,application/xml;q=0.9,image/webp,*/*;q=0.8',
  'referer' => 'http://localhost/hr/index/index/login.html',
  'accept-encoding' => 'gzip, deflate, br',
  'accept-language' => 'zh-CN,zh;q=0.8',
  'cookie' => 'thinkphp_show_page_trace=1|4; thinkphp_show_page_trace=0|0; PHPSESSID=jb0fut69r4eg3j9i5flj3hkp10; B7F0_cart_goods_num=0',
)
[ info ] [ PARAM ] array (
  'uname' => '123',
  'upass' => '123456',
)
[ info ] [ RUN ] app\index\controller\Index->loginAct[ E:\php\www\hr\application\index\controller\Index.php ]
[ info ] [ DB ] INIT mysql
[ info ] [ SESSION ] INIT array (
  'id' => '',
  'var_session_id' => '',
  'prefix' => 'think',
  'type' => '',
  'auto_start' => true,
)
[ info ] [ LOG ] INIT File
[ sql ] [ DB ] CONNECT:[ UseTime:0.462000s ] mysql:dbname=r9uv23iw2j;host=rm-bp1dx8c6774yz15o9.mysql.rds.aliyuncs.com;charset=utf8
[ sql ] [ SQL ] SHOW COLUMNS FROM `hr_user` [ RunTime:0.101000s ]
[ sql ] [ SQL ] SELECT * FROM `hr_user` WHERE  `uname` = '123' LIMIT 1 [ RunTime:0.145000s ]
---------------------------------------------------------------
[ 2017-07-31T11:14:58+08:00 ] ::1 ::1 GET /hr/index/center/index.html
[ info ] localhost/hr/index/center/index.html [运行时间：0.034000s][吞吐率：29.41req/s] [内存消耗：1,459.12kb] [文件加载：44]
[ info ] [ LANG ] E:\php\www\hr\thinkphp\lang\zh-cn.php
[ info ] [ ROUTE ] array (
  'type' => 'module',
  'module' => 
  array (
    0 => 'index',
    1 => 'center',
    2 => 'index',
  ),
)
[ info ] [ HEADER ] array (
  'host' => 'localhost',
  'connection' => 'keep-alive',
  'cache-control' => 'max-age=0',
  'upgrade-insecure-requests' => '1',
  'user-agent' => 'Mozilla/5.0 (Windows NT 6.1; WOW64) AppleWebKit/537.36 (KHTML, like Gecko) Chrome/56.0.2924.87 Safari/537.36',
  'accept' => 'text/html,application/xhtml+xml,application/xml;q=0.9,image/webp,*/*;q=0.8',
  'referer' => 'http://localhost/hr/index/index/login.html',
  'accept-encoding' => 'gzip, deflate, sdch, br',
  'accept-language' => 'zh-CN,zh;q=0.8',
  'cookie' => 'thinkphp_show_page_trace=0|0; thinkphp_show_page_trace=0|0; PHPSESSID=jb0fut69r4eg3j9i5flj3hkp10; B7F0_cart_goods_num=0',
)
[ info ] [ PARAM ] array (
)
[ info ] [ SESSION ] INIT array (
  'id' => '',
  'var_session_id' => '',
  'prefix' => 'think',
  'type' => '',
  'auto_start' => true,
)
[ info ] [ RUN ] app\index\controller\Center->index[ E:\php\www\hr\application\index\controller\Center.php ]
[ info ] [ VIEW ] E:\php\www\hr/application/index\view\center\index.html [ array (
) ]
[ info ] [ LOG ] INIT File
---------------------------------------------------------------
[ 2017-07-31T11:23:39+08:00 ] ::1 ::1 GET /hr/index/center/index.html
[ info ] localhost/hr/index/center/index.html [运行时间：0.030000s][吞吐率：33.33req/s] [内存消耗：1,475.96kb] [文件加载：45]
[ info ] [ LANG ] E:\php\www\hr\thinkphp\lang\zh-cn.php
[ info ] [ ROUTE ] array (
  'type' => 'module',
  'module' => 
  array (
    0 => 'index',
    1 => 'center',
    2 => 'index',
  ),
)
[ info ] [ HEADER ] array (
  'host' => 'localhost',
  'connection' => 'keep-alive',
  'pragma' => 'no-cache',
  'cache-control' => 'no-cache',
  'upgrade-insecure-requests' => '1',
  'user-agent' => 'Mozilla/5.0 (Windows NT 6.1; WOW64) AppleWebKit/537.36 (KHTML, like Gecko) Chrome/56.0.2924.87 Safari/537.36',
  'accept' => 'text/html,application/xhtml+xml,application/xml;q=0.9,image/webp,*/*;q=0.8',
  'referer' => 'http://localhost/hr/index/index/login.html',
  'accept-encoding' => 'gzip, deflate, sdch, br',
  'accept-language' => 'zh-CN,zh;q=0.8',
  'cookie' => 'thinkphp_show_page_trace=0|0; thinkphp_show_page_trace=0|0; PHPSESSID=jb0fut69r4eg3j9i5flj3hkp10; B7F0_cart_goods_num=0',
)
[ info ] [ PARAM ] array (
)
[ info ] [ SESSION ] INIT array (
  'id' => '',
  'var_session_id' => '',
  'prefix' => 'think',
  'type' => '',
  'auto_start' => true,
)
[ info ] [ RUN ] app\index\controller\Center->index[ E:\php\www\hr\application\index\controller\Center.php ]
[ info ] [ VIEW ] E:\php\www\hr/application/index\view\center\index.html [ array (
) ]
[ info ] [ LOG ] INIT File
---------------------------------------------------------------
[ 2017-07-31T11:23:40+08:00 ] ::1 ::1 GET /hr/index/center/index.html
[ info ] localhost/hr/index/center/index.html [运行时间：0.027000s][吞吐率：37.04req/s] [内存消耗：1,475.96kb] [文件加载：45]
[ info ] [ LANG ] E:\php\www\hr\thinkphp\lang\zh-cn.php
[ info ] [ ROUTE ] array (
  'type' => 'module',
  'module' => 
  array (
    0 => 'index',
    1 => 'center',
    2 => 'index',
  ),
)
[ info ] [ HEADER ] array (
  'host' => 'localhost',
  'connection' => 'keep-alive',
  'pragma' => 'no-cache',
  'cache-control' => 'no-cache',
  'upgrade-insecure-requests' => '1',
  'user-agent' => 'Mozilla/5.0 (Windows NT 6.1; WOW64) AppleWebKit/537.36 (KHTML, like Gecko) Chrome/56.0.2924.87 Safari/537.36',
  'accept' => 'text/html,application/xhtml+xml,application/xml;q=0.9,image/webp,*/*;q=0.8',
  'referer' => 'http://localhost/hr/index/index/login.html',
  'accept-encoding' => 'gzip, deflate, sdch, br',
  'accept-language' => 'zh-CN,zh;q=0.8',
  'cookie' => 'thinkphp_show_page_trace=0|0; thinkphp_show_page_trace=0|0; PHPSESSID=jb0fut69r4eg3j9i5flj3hkp10; B7F0_cart_goods_num=0',
)
[ info ] [ PARAM ] array (
)
[ info ] [ SESSION ] INIT array (
  'id' => '',
  'var_session_id' => '',
  'prefix' => 'think',
  'type' => '',
  'auto_start' => true,
)
[ info ] [ RUN ] app\index\controller\Center->index[ E:\php\www\hr\application\index\controller\Center.php ]
[ info ] [ VIEW ] E:\php\www\hr/application/index\view\center\index.html [ array (
) ]
[ info ] [ LOG ] INIT File
---------------------------------------------------------------
[ 2017-07-31T11:23:53+08:00 ] ::1 ::1 GET /hr/index/center/index.html
[ info ] localhost/hr/index/center/index.html [运行时间：0.023000s][吞吐率：43.48req/s] [内存消耗：1,475.96kb] [文件加载：45]
[ info ] [ LANG ] E:\php\www\hr\thinkphp\lang\zh-cn.php
[ info ] [ ROUTE ] array (
  'type' => 'module',
  'module' => 
  array (
    0 => 'index',
    1 => 'center',
    2 => 'index',
  ),
)
[ info ] [ HEADER ] array (
  'host' => 'localhost',
  'connection' => 'keep-alive',
  'pragma' => 'no-cache',
  'cache-control' => 'no-cache',
  'upgrade-insecure-requests' => '1',
  'user-agent' => 'Mozilla/5.0 (Windows NT 6.1; WOW64) AppleWebKit/537.36 (KHTML, like Gecko) Chrome/56.0.2924.87 Safari/537.36',
  'accept' => 'text/html,application/xhtml+xml,application/xml;q=0.9,image/webp,*/*;q=0.8',
  'referer' => 'http://localhost/hr/index/index/login.html',
  'accept-encoding' => 'gzip, deflate, sdch, br',
  'accept-language' => 'zh-CN,zh;q=0.8',
  'cookie' => 'thinkphp_show_page_trace=0|0; thinkphp_show_page_trace=0|0; PHPSESSID=jb0fut69r4eg3j9i5flj3hkp10; B7F0_cart_goods_num=0',
)
[ info ] [ PARAM ] array (
)
[ info ] [ SESSION ] INIT array (
  'id' => '',
  'var_session_id' => '',
  'prefix' => 'think',
  'type' => '',
  'auto_start' => true,
)
[ info ] [ RUN ] app\index\controller\Center->index[ E:\php\www\hr\application\index\controller\Center.php ]
[ info ] [ VIEW ] E:\php\www\hr/application/index\view\center\index.html [ array (
) ]
[ info ] [ LOG ] INIT File
---------------------------------------------------------------
[ 2017-07-31T11:23:54+08:00 ] ::1 ::1 GET /hr/index/center/index.html
[ info ] localhost/hr/index/center/index.html [运行时间：0.018000s][吞吐率：55.56req/s] [内存消耗：1,475.27kb] [文件加载：45]
[ info ] [ LANG ] E:\php\www\hr\thinkphp\lang\zh-cn.php
[ info ] [ ROUTE ] array (
  'type' => 'module',
  'module' => 
  array (
    0 => 'index',
    1 => 'center',
    2 => 'index',
  ),
)
[ info ] [ HEADER ] array (
  'host' => 'localhost',
  'connection' => 'keep-alive',
  'cache-control' => 'max-age=0',
  'upgrade-insecure-requests' => '1',
  'user-agent' => 'Mozilla/5.0 (Windows NT 6.1; WOW64) AppleWebKit/537.36 (KHTML, like Gecko) Chrome/56.0.2924.87 Safari/537.36',
  'accept' => 'text/html,application/xhtml+xml,application/xml;q=0.9,image/webp,*/*;q=0.8',
  'accept-encoding' => 'gzip, deflate, sdch, br',
  'accept-language' => 'zh-CN,zh;q=0.8',
  'cookie' => 'thinkphp_show_page_trace=0|0; thinkphp_show_page_trace=0|0; PHPSESSID=jb0fut69r4eg3j9i5flj3hkp10; B7F0_cart_goods_num=0',
)
[ info ] [ PARAM ] array (
)
[ info ] [ SESSION ] INIT array (
  'id' => '',
  'var_session_id' => '',
  'prefix' => 'think',
  'type' => '',
  'auto_start' => true,
)
[ info ] [ RUN ] app\index\controller\Center->index[ E:\php\www\hr\application\index\controller\Center.php ]
[ info ] [ VIEW ] E:\php\www\hr/application/index\view\center\index.html [ array (
) ]
[ info ] [ LOG ] INIT File
---------------------------------------------------------------
[ 2017-07-31T11:23:54+08:00 ] ::1 ::1 GET /hr/index/center/index.html
[ info ] localhost/hr/index/center/index.html [运行时间：0.032000s][吞吐率：31.25req/s] [内存消耗：1,475.27kb] [文件加载：45]
[ info ] [ LANG ] E:\php\www\hr\thinkphp\lang\zh-cn.php
[ info ] [ ROUTE ] array (
  'type' => 'module',
  'module' => 
  array (
    0 => 'index',
    1 => 'center',
    2 => 'index',
  ),
)
[ info ] [ HEADER ] array (
  'host' => 'localhost',
  'connection' => 'keep-alive',
  'cache-control' => 'max-age=0',
  'upgrade-insecure-requests' => '1',
  'user-agent' => 'Mozilla/5.0 (Windows NT 6.1; WOW64) AppleWebKit/537.36 (KHTML, like Gecko) Chrome/56.0.2924.87 Safari/537.36',
  'accept' => 'text/html,application/xhtml+xml,application/xml;q=0.9,image/webp,*/*;q=0.8',
  'accept-encoding' => 'gzip, deflate, sdch, br',
  'accept-language' => 'zh-CN,zh;q=0.8',
  'cookie' => 'thinkphp_show_page_trace=0|0; thinkphp_show_page_trace=0|0; PHPSESSID=jb0fut69r4eg3j9i5flj3hkp10; B7F0_cart_goods_num=0',
)
[ info ] [ PARAM ] array (
)
[ info ] [ SESSION ] INIT array (
  'id' => '',
  'var_session_id' => '',
  'prefix' => 'think',
  'type' => '',
  'auto_start' => true,
)
[ info ] [ RUN ] app\index\controller\Center->index[ E:\php\www\hr\application\index\controller\Center.php ]
[ info ] [ VIEW ] E:\php\www\hr/application/index\view\center\index.html [ array (
) ]
[ info ] [ LOG ] INIT File
---------------------------------------------------------------
[ 2017-07-31T11:24:00+08:00 ] ::1 ::1 GET /hr/index/center/index.html
[ info ] localhost/hr/index/center/index.html [运行时间：0.017000s][吞吐率：58.82req/s] [内存消耗：1,475.89kb] [文件加载：45]
[ info ] [ LANG ] E:\php\www\hr\thinkphp\lang\zh-cn.php
[ info ] [ ROUTE ] array (
  'type' => 'module',
  'module' => 
  array (
    0 => 'index',
    1 => 'center',
    2 => 'index',
  ),
)
[ info ] [ HEADER ] array (
  'host' => 'localhost',
  'connection' => 'keep-alive',
  'pragma' => 'no-cache',
  'cache-control' => 'no-cache',
  'upgrade-insecure-requests' => '1',
  'user-agent' => 'Mozilla/5.0 (Windows NT 6.1; WOW64) AppleWebKit/537.36 (KHTML, like Gecko) Chrome/56.0.2924.87 Safari/537.36',
  'accept' => 'text/html,application/xhtml+xml,application/xml;q=0.9,image/webp,*/*;q=0.8',
  'accept-encoding' => 'gzip, deflate, sdch, br',
  'accept-language' => 'zh-CN,zh;q=0.8',
  'cookie' => 'thinkphp_show_page_trace=0|0; thinkphp_show_page_trace=0|0; PHPSESSID=jb0fut69r4eg3j9i5flj3hkp10; B7F0_cart_goods_num=0',
)
[ info ] [ PARAM ] array (
)
[ info ] [ SESSION ] INIT array (
  'id' => '',
  'var_session_id' => '',
  'prefix' => 'think',
  'type' => '',
  'auto_start' => true,
)
[ info ] [ RUN ] app\index\controller\Center->index[ E:\php\www\hr\application\index\controller\Center.php ]
[ info ] [ VIEW ] E:\php\www\hr/application/index\view\center\index.html [ array (
) ]
[ info ] [ LOG ] INIT File
---------------------------------------------------------------
[ 2017-07-31T11:24:20+08:00 ] ::1 ::1 GET /hr/index/center/index.html
[ info ] localhost/hr/index/center/index.html [运行时间：0.020000s][吞吐率：50.00req/s] [内存消耗：1,475.89kb] [文件加载：45]
[ info ] [ LANG ] E:\php\www\hr\thinkphp\lang\zh-cn.php
[ info ] [ ROUTE ] array (
  'type' => 'module',
  'module' => 
  array (
    0 => 'index',
    1 => 'center',
    2 => 'index',
  ),
)
[ info ] [ HEADER ] array (
  'host' => 'localhost',
  'connection' => 'keep-alive',
  'pragma' => 'no-cache',
  'cache-control' => 'no-cache',
  'upgrade-insecure-requests' => '1',
  'user-agent' => 'Mozilla/5.0 (Windows NT 6.1; WOW64) AppleWebKit/537.36 (KHTML, like Gecko) Chrome/56.0.2924.87 Safari/537.36',
  'accept' => 'text/html,application/xhtml+xml,application/xml;q=0.9,image/webp,*/*;q=0.8',
  'accept-encoding' => 'gzip, deflate, sdch, br',
  'accept-language' => 'zh-CN,zh;q=0.8',
  'cookie' => 'thinkphp_show_page_trace=0|0; thinkphp_show_page_trace=0|0; PHPSESSID=jb0fut69r4eg3j9i5flj3hkp10; B7F0_cart_goods_num=0',
)
[ info ] [ PARAM ] array (
)
[ info ] [ SESSION ] INIT array (
  'id' => '',
  'var_session_id' => '',
  'prefix' => 'think',
  'type' => '',
  'auto_start' => true,
)
[ info ] [ RUN ] app\index\controller\Center->index[ E:\php\www\hr\application\index\controller\Center.php ]
[ info ] [ VIEW ] E:\php\www\hr/application/index\view\center\index.html [ array (
) ]
[ info ] [ LOG ] INIT File
---------------------------------------------------------------
[ 2017-07-31T11:24:22+08:00 ] ::1 ::1 GET /hr/index/center/index.html
[ info ] localhost/hr/index/center/index.html [运行时间：0.017000s][吞吐率：58.82req/s] [内存消耗：1,475.89kb] [文件加载：45]
[ info ] [ LANG ] E:\php\www\hr\thinkphp\lang\zh-cn.php
[ info ] [ ROUTE ] array (
  'type' => 'module',
  'module' => 
  array (
    0 => 'index',
    1 => 'center',
    2 => 'index',
  ),
)
[ info ] [ HEADER ] array (
  'host' => 'localhost',
  'connection' => 'keep-alive',
  'pragma' => 'no-cache',
  'cache-control' => 'no-cache',
  'upgrade-insecure-requests' => '1',
  'user-agent' => 'Mozilla/5.0 (Windows NT 6.1; WOW64) AppleWebKit/537.36 (KHTML, like Gecko) Chrome/56.0.2924.87 Safari/537.36',
  'accept' => 'text/html,application/xhtml+xml,application/xml;q=0.9,image/webp,*/*;q=0.8',
  'accept-encoding' => 'gzip, deflate, sdch, br',
  'accept-language' => 'zh-CN,zh;q=0.8',
  'cookie' => 'thinkphp_show_page_trace=0|0; thinkphp_show_page_trace=0|0; PHPSESSID=jb0fut69r4eg3j9i5flj3hkp10; B7F0_cart_goods_num=0',
)
[ info ] [ PARAM ] array (
)
[ info ] [ SESSION ] INIT array (
  'id' => '',
  'var_session_id' => '',
  'prefix' => 'think',
  'type' => '',
  'auto_start' => true,
)
[ info ] [ RUN ] app\index\controller\Center->index[ E:\php\www\hr\application\index\controller\Center.php ]
[ info ] [ VIEW ] E:\php\www\hr/application/index\view\center\index.html [ array (
) ]
[ info ] [ LOG ] INIT File
---------------------------------------------------------------
[ 2017-07-31T11:24:22+08:00 ] ::1 ::1 GET /hr/index/center/index.html
[ info ] localhost/hr/index/center/index.html [运行时间：0.019000s][吞吐率：52.63req/s] [内存消耗：1,475.89kb] [文件加载：45]
[ info ] [ LANG ] E:\php\www\hr\thinkphp\lang\zh-cn.php
[ info ] [ ROUTE ] array (
  'type' => 'module',
  'module' => 
  array (
    0 => 'index',
    1 => 'center',
    2 => 'index',
  ),
)
[ info ] [ HEADER ] array (
  'host' => 'localhost',
  'connection' => 'keep-alive',
  'pragma' => 'no-cache',
  'cache-control' => 'no-cache',
  'upgrade-insecure-requests' => '1',
  'user-agent' => 'Mozilla/5.0 (Windows NT 6.1; WOW64) AppleWebKit/537.36 (KHTML, like Gecko) Chrome/56.0.2924.87 Safari/537.36',
  'accept' => 'text/html,application/xhtml+xml,application/xml;q=0.9,image/webp,*/*;q=0.8',
  'accept-encoding' => 'gzip, deflate, sdch, br',
  'accept-language' => 'zh-CN,zh;q=0.8',
  'cookie' => 'thinkphp_show_page_trace=0|0; thinkphp_show_page_trace=0|0; PHPSESSID=jb0fut69r4eg3j9i5flj3hkp10; B7F0_cart_goods_num=0',
)
[ info ] [ PARAM ] array (
)
[ info ] [ SESSION ] INIT array (
  'id' => '',
  'var_session_id' => '',
  'prefix' => 'think',
  'type' => '',
  'auto_start' => true,
)
[ info ] [ RUN ] app\index\controller\Center->index[ E:\php\www\hr\application\index\controller\Center.php ]
[ info ] [ VIEW ] E:\php\www\hr/application/index\view\center\index.html [ array (
) ]
[ info ] [ LOG ] INIT File
---------------------------------------------------------------
[ 2017-07-31T11:24:22+08:00 ] ::1 ::1 GET /hr/index/center/index.html
[ info ] localhost/hr/index/center/index.html [运行时间：0.034000s][吞吐率：29.41req/s] [内存消耗：1,475.89kb] [文件加载：45]
[ info ] [ LANG ] E:\php\www\hr\thinkphp\lang\zh-cn.php
[ info ] [ ROUTE ] array (
  'type' => 'module',
  'module' => 
  array (
    0 => 'index',
    1 => 'center',
    2 => 'index',
  ),
)
[ info ] [ HEADER ] array (
  'host' => 'localhost',
  'connection' => 'keep-alive',
  'pragma' => 'no-cache',
  'cache-control' => 'no-cache',
  'upgrade-insecure-requests' => '1',
  'user-agent' => 'Mozilla/5.0 (Windows NT 6.1; WOW64) AppleWebKit/537.36 (KHTML, like Gecko) Chrome/56.0.2924.87 Safari/537.36',
  'accept' => 'text/html,application/xhtml+xml,application/xml;q=0.9,image/webp,*/*;q=0.8',
  'accept-encoding' => 'gzip, deflate, sdch, br',
  'accept-language' => 'zh-CN,zh;q=0.8',
  'cookie' => 'thinkphp_show_page_trace=0|0; thinkphp_show_page_trace=0|0; PHPSESSID=jb0fut69r4eg3j9i5flj3hkp10; B7F0_cart_goods_num=0',
)
[ info ] [ PARAM ] array (
)
[ info ] [ SESSION ] INIT array (
  'id' => '',
  'var_session_id' => '',
  'prefix' => 'think',
  'type' => '',
  'auto_start' => true,
)
[ info ] [ RUN ] app\index\controller\Center->index[ E:\php\www\hr\application\index\controller\Center.php ]
[ info ] [ VIEW ] E:\php\www\hr/application/index\view\center\index.html [ array (
) ]
[ info ] [ LOG ] INIT File
---------------------------------------------------------------
[ 2017-07-31T11:24:40+08:00 ] ::1 ::1 GET /hr/index/center/index.html
[ info ] localhost/hr/index/center/index.html [运行时间：0.024000s][吞吐率：41.67req/s] [内存消耗：1,476.29kb] [文件加载：45]
[ info ] [ LANG ] E:\php\www\hr\thinkphp\lang\zh-cn.php
[ info ] [ ROUTE ] array (
  'type' => 'module',
  'module' => 
  array (
    0 => 'index',
    1 => 'center',
    2 => 'index',
  ),
)
[ info ] [ HEADER ] array (
  'host' => 'localhost',
  'connection' => 'keep-alive',
  'pragma' => 'no-cache',
  'cache-control' => 'no-cache',
  'upgrade-insecure-requests' => '1',
  'user-agent' => 'Mozilla/5.0 (Windows NT 6.1; WOW64) AppleWebKit/537.36 (KHTML, like Gecko) Chrome/56.0.2924.87 Safari/537.36',
  'accept' => 'text/html,application/xhtml+xml,application/xml;q=0.9,image/webp,*/*;q=0.8',
  'accept-encoding' => 'gzip, deflate, sdch, br',
  'accept-language' => 'zh-CN,zh;q=0.8',
  'cookie' => 'thinkphp_show_page_trace=0|0; thinkphp_show_page_trace=0|0; PHPSESSID=jb0fut69r4eg3j9i5flj3hkp10; B7F0_cart_goods_num=0',
)
[ info ] [ PARAM ] array (
)
[ info ] [ SESSION ] INIT array (
  'id' => '',
  'var_session_id' => '',
  'prefix' => 'think',
  'type' => '',
  'auto_start' => true,
)
[ info ] [ RUN ] app\index\controller\Center->index[ E:\php\www\hr\application\index\controller\Center.php ]
[ info ] [ VIEW ] E:\php\www\hr/application/index\view\center\index.html [ array (
) ]
[ info ] [ LOG ] INIT File
---------------------------------------------------------------
[ 2017-07-31T11:24:54+08:00 ] ::1 ::1 GET /hr/index/center/index.html
[ info ] localhost/hr/index/center/index.html [运行时间：0.019000s][吞吐率：52.63req/s] [内存消耗：1,475.91kb] [文件加载：45]
[ info ] [ LANG ] E:\php\www\hr\thinkphp\lang\zh-cn.php
[ info ] [ ROUTE ] array (
  'type' => 'module',
  'module' => 
  array (
    0 => 'index',
    1 => 'center',
    2 => 'index',
  ),
)
[ info ] [ HEADER ] array (
  'host' => 'localhost',
  'connection' => 'keep-alive',
  'pragma' => 'no-cache',
  'cache-control' => 'no-cache',
  'upgrade-insecure-requests' => '1',
  'user-agent' => 'Mozilla/5.0 (Windows NT 6.1; WOW64) AppleWebKit/537.36 (KHTML, like Gecko) Chrome/56.0.2924.87 Safari/537.36',
  'accept' => 'text/html,application/xhtml+xml,application/xml;q=0.9,image/webp,*/*;q=0.8',
  'accept-encoding' => 'gzip, deflate, sdch, br',
  'accept-language' => 'zh-CN,zh;q=0.8',
  'cookie' => 'thinkphp_show_page_trace=0|0; thinkphp_show_page_trace=0|0; PHPSESSID=jb0fut69r4eg3j9i5flj3hkp10; B7F0_cart_goods_num=0',
)
[ info ] [ PARAM ] array (
)
[ info ] [ SESSION ] INIT array (
  'id' => '',
  'var_session_id' => '',
  'prefix' => 'think',
  'type' => '',
  'auto_start' => true,
)
[ info ] [ RUN ] app\index\controller\Center->index[ E:\php\www\hr\application\index\controller\Center.php ]
[ info ] [ VIEW ] E:\php\www\hr/application/index\view\center\index.html [ array (
) ]
[ info ] [ LOG ] INIT File
---------------------------------------------------------------
[ 2017-07-31T11:25:08+08:00 ] ::1 ::1 GET /hr/index/center/index.html
[ info ] localhost/hr/index/center/index.html [运行时间：0.090000s][吞吐率：11.11req/s] [内存消耗：1,412.53kb] [文件加载：45]
[ info ] [ LANG ] E:\php\www\hr\thinkphp\lang\zh-cn.php
[ info ] [ ROUTE ] array (
  'type' => 'module',
  'module' => 
  array (
    0 => 'index',
    1 => 'center',
    2 => 'index',
  ),
)
[ info ] [ HEADER ] array (
  'host' => 'localhost',
  'connection' => 'keep-alive',
  'pragma' => 'no-cache',
  'cache-control' => 'no-cache',
  'upgrade-insecure-requests' => '1',
  'user-agent' => 'Mozilla/5.0 (Windows NT 6.1; WOW64) AppleWebKit/537.36 (KHTML, like Gecko) Chrome/56.0.2924.87 Safari/537.36',
  'accept' => 'text/html,application/xhtml+xml,application/xml;q=0.9,image/webp,*/*;q=0.8',
  'accept-encoding' => 'gzip, deflate, sdch, br',
  'accept-language' => 'zh-CN,zh;q=0.8',
  'cookie' => 'thinkphp_show_page_trace=0|0; thinkphp_show_page_trace=0|0; PHPSESSID=jb0fut69r4eg3j9i5flj3hkp10; B7F0_cart_goods_num=0',
)
[ info ] [ PARAM ] array (
)
[ info ] [ SESSION ] INIT array (
  'id' => '',
  'var_session_id' => '',
  'prefix' => 'think',
  'type' => '',
  'auto_start' => true,
)
[ info ] [ RUN ] app\index\controller\Center->index[ E:\php\www\hr\application\index\controller\Center.php ]
[ info ] [ LOG ] INIT File
[ error ] [8]未定义数组索引: selectedCompany[E:\php\www\hr\application\index\controller\Center.php:10]
---------------------------------------------------------------
[ 2017-07-31T11:25:20+08:00 ] ::1 ::1 GET /hr/index/center/index.html
[ info ] localhost/hr/index/center/index.html [运行时间：0.019000s][吞吐率：52.63req/s] [内存消耗：1,412.48kb] [文件加载：45]
[ info ] [ LANG ] E:\php\www\hr\thinkphp\lang\zh-cn.php
[ info ] [ ROUTE ] array (
  'type' => 'module',
  'module' => 
  array (
    0 => 'index',
    1 => 'center',
    2 => 'index',
  ),
)
[ info ] [ HEADER ] array (
  'host' => 'localhost',
  'connection' => 'keep-alive',
  'pragma' => 'no-cache',
  'cache-control' => 'no-cache',
  'upgrade-insecure-requests' => '1',
  'user-agent' => 'Mozilla/5.0 (Windows NT 6.1; WOW64) AppleWebKit/537.36 (KHTML, like Gecko) Chrome/56.0.2924.87 Safari/537.36',
  'accept' => 'text/html,application/xhtml+xml,application/xml;q=0.9,image/webp,*/*;q=0.8',
  'accept-encoding' => 'gzip, deflate, sdch, br',
  'accept-language' => 'zh-CN,zh;q=0.8',
  'cookie' => 'thinkphp_show_page_trace=0|0; thinkphp_show_page_trace=0|0; PHPSESSID=jb0fut69r4eg3j9i5flj3hkp10; B7F0_cart_goods_num=0',
)
[ info ] [ PARAM ] array (
)
[ info ] [ SESSION ] INIT array (
  'id' => '',
  'var_session_id' => '',
  'prefix' => 'think',
  'type' => '',
  'auto_start' => true,
)
[ info ] [ RUN ] app\index\controller\Center->index[ E:\php\www\hr\application\index\controller\Center.php ]
[ info ] [ LOG ] INIT File
[ error ] [8]未定义数组索引: User[E:\php\www\hr\application\index\controller\Center.php:10]
---------------------------------------------------------------
[ 2017-07-31T11:25:26+08:00 ] ::1 ::1 GET /hr/index/center/index.html
[ info ] localhost/hr/index/center/index.html [运行时间：0.024000s][吞吐率：41.67req/s] [内存消耗：1,476.26kb] [文件加载：45]
[ info ] [ LANG ] E:\php\www\hr\thinkphp\lang\zh-cn.php
[ info ] [ ROUTE ] array (
  'type' => 'module',
  'module' => 
  array (
    0 => 'index',
    1 => 'center',
    2 => 'index',
  ),
)
[ info ] [ HEADER ] array (
  'host' => 'localhost',
  'connection' => 'keep-alive',
  'pragma' => 'no-cache',
  'cache-control' => 'no-cache',
  'upgrade-insecure-requests' => '1',
  'user-agent' => 'Mozilla/5.0 (Windows NT 6.1; WOW64) AppleWebKit/537.36 (KHTML, like Gecko) Chrome/56.0.2924.87 Safari/537.36',
  'accept' => 'text/html,application/xhtml+xml,application/xml;q=0.9,image/webp,*/*;q=0.8',
  'accept-encoding' => 'gzip, deflate, sdch, br',
  'accept-language' => 'zh-CN,zh;q=0.8',
  'cookie' => 'thinkphp_show_page_trace=0|0; thinkphp_show_page_trace=0|0; PHPSESSID=jb0fut69r4eg3j9i5flj3hkp10; B7F0_cart_goods_num=0',
)
[ info ] [ PARAM ] array (
)
[ info ] [ SESSION ] INIT array (
  'id' => '',
  'var_session_id' => '',
  'prefix' => 'think',
  'type' => '',
  'auto_start' => true,
)
[ info ] [ RUN ] app\index\controller\Center->index[ E:\php\www\hr\application\index\controller\Center.php ]
[ info ] [ VIEW ] E:\php\www\hr/application/index\view\center\index.html [ array (
) ]
[ info ] [ LOG ] INIT File
---------------------------------------------------------------
[ 2017-07-31T11:25:33+08:00 ] ::1 ::1 GET /hr/index/center/index.html
[ info ] localhost/hr/index/center/index.html [运行时间：0.035000s][吞吐率：28.57req/s] [内存消耗：1,476.28kb] [文件加载：45]
[ info ] [ LANG ] E:\php\www\hr\thinkphp\lang\zh-cn.php
[ info ] [ ROUTE ] array (
  'type' => 'module',
  'module' => 
  array (
    0 => 'index',
    1 => 'center',
    2 => 'index',
  ),
)
[ info ] [ HEADER ] array (
  'host' => 'localhost',
  'connection' => 'keep-alive',
  'pragma' => 'no-cache',
  'cache-control' => 'no-cache',
  'upgrade-insecure-requests' => '1',
  'user-agent' => 'Mozilla/5.0 (Windows NT 6.1; WOW64) AppleWebKit/537.36 (KHTML, like Gecko) Chrome/56.0.2924.87 Safari/537.36',
  'accept' => 'text/html,application/xhtml+xml,application/xml;q=0.9,image/webp,*/*;q=0.8',
  'accept-encoding' => 'gzip, deflate, sdch, br',
  'accept-language' => 'zh-CN,zh;q=0.8',
  'cookie' => 'thinkphp_show_page_trace=0|0; thinkphp_show_page_trace=0|0; PHPSESSID=jb0fut69r4eg3j9i5flj3hkp10; B7F0_cart_goods_num=0',
)
[ info ] [ PARAM ] array (
)
[ info ] [ SESSION ] INIT array (
  'id' => '',
  'var_session_id' => '',
  'prefix' => 'think',
  'type' => '',
  'auto_start' => true,
)
[ info ] [ RUN ] app\index\controller\Center->index[ E:\php\www\hr\application\index\controller\Center.php ]
[ info ] [ VIEW ] E:\php\www\hr/application/index\view\center\index.html [ array (
) ]
[ info ] [ LOG ] INIT File
---------------------------------------------------------------
[ 2017-07-31T11:25:43+08:00 ] ::1 ::1 GET /hr/index/center/index.html
[ info ] localhost/hr/index/center/index.html [运行时间：0.018000s][吞吐率：55.56req/s] [内存消耗：1,476.45kb] [文件加载：45]
[ info ] [ LANG ] E:\php\www\hr\thinkphp\lang\zh-cn.php
[ info ] [ ROUTE ] array (
  'type' => 'module',
  'module' => 
  array (
    0 => 'index',
    1 => 'center',
    2 => 'index',
  ),
)
[ info ] [ HEADER ] array (
  'host' => 'localhost',
  'connection' => 'keep-alive',
  'pragma' => 'no-cache',
  'cache-control' => 'no-cache',
  'upgrade-insecure-requests' => '1',
  'user-agent' => 'Mozilla/5.0 (Windows NT 6.1; WOW64) AppleWebKit/537.36 (KHTML, like Gecko) Chrome/56.0.2924.87 Safari/537.36',
  'accept' => 'text/html,application/xhtml+xml,application/xml;q=0.9,image/webp,*/*;q=0.8',
  'accept-encoding' => 'gzip, deflate, sdch, br',
  'accept-language' => 'zh-CN,zh;q=0.8',
  'cookie' => 'thinkphp_show_page_trace=0|0; thinkphp_show_page_trace=0|0; PHPSESSID=jb0fut69r4eg3j9i5flj3hkp10; B7F0_cart_goods_num=0',
)
[ info ] [ PARAM ] array (
)
[ info ] [ SESSION ] INIT array (
  'id' => '',
  'var_session_id' => '',
  'prefix' => 'think',
  'type' => '',
  'auto_start' => true,
)
[ info ] [ RUN ] app\index\controller\Center->index[ E:\php\www\hr\application\index\controller\Center.php ]
[ info ] [ VIEW ] E:\php\www\hr/application/index\view\center\index.html [ array (
) ]
[ info ] [ LOG ] INIT File
---------------------------------------------------------------
[ 2017-07-31T11:26:02+08:00 ] ::1 ::1 GET /hr/index/center/index.html
[ info ] localhost/hr/index/center/index.html [运行时间：0.037000s][吞吐率：27.03req/s] [内存消耗：1,476.19kb] [文件加载：45]
[ info ] [ LANG ] E:\php\www\hr\thinkphp\lang\zh-cn.php
[ info ] [ ROUTE ] array (
  'type' => 'module',
  'module' => 
  array (
    0 => 'index',
    1 => 'center',
    2 => 'index',
  ),
)
[ info ] [ HEADER ] array (
  'host' => 'localhost',
  'connection' => 'keep-alive',
  'pragma' => 'no-cache',
  'cache-control' => 'no-cache',
  'upgrade-insecure-requests' => '1',
  'user-agent' => 'Mozilla/5.0 (Windows NT 6.1; WOW64) AppleWebKit/537.36 (KHTML, like Gecko) Chrome/56.0.2924.87 Safari/537.36',
  'accept' => 'text/html,application/xhtml+xml,application/xml;q=0.9,image/webp,*/*;q=0.8',
  'accept-encoding' => 'gzip, deflate, sdch, br',
  'accept-language' => 'zh-CN,zh;q=0.8',
  'cookie' => 'thinkphp_show_page_trace=0|0; thinkphp_show_page_trace=0|0; PHPSESSID=jb0fut69r4eg3j9i5flj3hkp10; B7F0_cart_goods_num=0',
)
[ info ] [ PARAM ] array (
)
[ info ] [ SESSION ] INIT array (
  'id' => '',
  'var_session_id' => '',
  'prefix' => 'think',
  'type' => '',
  'auto_start' => true,
)
[ info ] [ RUN ] app\index\controller\Center->index[ E:\php\www\hr\application\index\controller\Center.php ]
[ info ] [ VIEW ] E:\php\www\hr/application/index\view\center\index.html [ array (
) ]
[ info ] [ LOG ] INIT File
---------------------------------------------------------------
[ 2017-07-31T11:26:07+08:00 ] ::1 ::1 GET /hr/index/center/index.html
[ info ] localhost/hr/index/center/index.html [运行时间：0.030000s][吞吐率：33.33req/s] [内存消耗：1,475.77kb] [文件加载：45]
[ info ] [ LANG ] E:\php\www\hr\thinkphp\lang\zh-cn.php
[ info ] [ ROUTE ] array (
  'type' => 'module',
  'module' => 
  array (
    0 => 'index',
    1 => 'center',
    2 => 'index',
  ),
)
[ info ] [ HEADER ] array (
  'host' => 'localhost',
  'connection' => 'keep-alive',
  'pragma' => 'no-cache',
  'cache-control' => 'no-cache',
  'upgrade-insecure-requests' => '1',
  'user-agent' => 'Mozilla/5.0 (Windows NT 6.1; WOW64) AppleWebKit/537.36 (KHTML, like Gecko) Chrome/56.0.2924.87 Safari/537.36',
  'accept' => 'text/html,application/xhtml+xml,application/xml;q=0.9,image/webp,*/*;q=0.8',
  'accept-encoding' => 'gzip, deflate, sdch, br',
  'accept-language' => 'zh-CN,zh;q=0.8',
  'cookie' => 'thinkphp_show_page_trace=0|0; thinkphp_show_page_trace=0|0; PHPSESSID=jb0fut69r4eg3j9i5flj3hkp10; B7F0_cart_goods_num=0',
)
[ info ] [ PARAM ] array (
)
[ info ] [ SESSION ] INIT array (
  'id' => '',
  'var_session_id' => '',
  'prefix' => 'think',
  'type' => '',
  'auto_start' => true,
)
[ info ] [ RUN ] app\index\controller\Center->index[ E:\php\www\hr\application\index\controller\Center.php ]
[ info ] [ VIEW ] E:\php\www\hr/application/index\view\center\index.html [ array (
) ]
[ info ] [ LOG ] INIT File
---------------------------------------------------------------
[ 2017-07-31T11:26:13+08:00 ] ::1 ::1 GET /hr/index/center/index.html
[ info ] localhost/hr/index/center/index.html [运行时间：0.018000s][吞吐率：55.56req/s] [内存消耗：1,461.14kb] [文件加载：44]
[ info ] [ LANG ] E:\php\www\hr\thinkphp\lang\zh-cn.php
[ info ] [ ROUTE ] array (
  'type' => 'module',
  'module' => 
  array (
    0 => 'index',
    1 => 'center',
    2 => 'index',
  ),
)
[ info ] [ HEADER ] array (
  'host' => 'localhost',
  'connection' => 'keep-alive',
  'pragma' => 'no-cache',
  'cache-control' => 'no-cache',
  'upgrade-insecure-requests' => '1',
  'user-agent' => 'Mozilla/5.0 (Windows NT 6.1; WOW64) AppleWebKit/537.36 (KHTML, like Gecko) Chrome/56.0.2924.87 Safari/537.36',
  'accept' => 'text/html,application/xhtml+xml,application/xml;q=0.9,image/webp,*/*;q=0.8',
  'accept-encoding' => 'gzip, deflate, sdch, br',
  'accept-language' => 'zh-CN,zh;q=0.8',
  'cookie' => 'thinkphp_show_page_trace=0|0; thinkphp_show_page_trace=0|0; PHPSESSID=jb0fut69r4eg3j9i5flj3hkp10; B7F0_cart_goods_num=0',
)
[ info ] [ PARAM ] array (
)
[ info ] [ SESSION ] INIT array (
  'id' => '',
  'var_session_id' => '',
  'prefix' => 'think',
  'type' => '',
  'auto_start' => true,
)
[ info ] [ RUN ] app\index\controller\Center->index[ E:\php\www\hr\application\index\controller\Center.php ]
[ info ] [ VIEW ] E:\php\www\hr/application/index\view\center\index.html [ array (
) ]
[ info ] [ LOG ] INIT File
---------------------------------------------------------------
[ 2017-07-31T11:28:08+08:00 ] ::1 ::1 GET /hr/index/center/index.html
[ info ] localhost/hr/index/center/index.html [运行时间：0.021000s][吞吐率：47.62req/s] [内存消耗：1,475.73kb] [文件加载：45]
[ info ] [ LANG ] E:\php\www\hr\thinkphp\lang\zh-cn.php
[ info ] [ ROUTE ] array (
  'type' => 'module',
  'module' => 
  array (
    0 => 'index',
    1 => 'center',
    2 => 'index',
  ),
)
[ info ] [ HEADER ] array (
  'host' => 'localhost',
  'connection' => 'keep-alive',
  'pragma' => 'no-cache',
  'cache-control' => 'no-cache',
  'upgrade-insecure-requests' => '1',
  'user-agent' => 'Mozilla/5.0 (Windows NT 6.1; WOW64) AppleWebKit/537.36 (KHTML, like Gecko) Chrome/56.0.2924.87 Safari/537.36',
  'accept' => 'text/html,application/xhtml+xml,application/xml;q=0.9,image/webp,*/*;q=0.8',
  'accept-encoding' => 'gzip, deflate, sdch, br',
  'accept-language' => 'zh-CN,zh;q=0.8',
  'cookie' => 'thinkphp_show_page_trace=0|0; thinkphp_show_page_trace=0|0; PHPSESSID=jb0fut69r4eg3j9i5flj3hkp10; B7F0_cart_goods_num=0',
)
[ info ] [ PARAM ] array (
)
[ info ] [ SESSION ] INIT array (
  'id' => '',
  'var_session_id' => '',
  'prefix' => 'think',
  'type' => '',
  'auto_start' => true,
)
[ info ] [ RUN ] app\index\controller\Center->index[ E:\php\www\hr\application\index\controller\Center.php ]
[ info ] [ VIEW ] E:\php\www\hr/application/index\view\center\index.html [ array (
) ]
[ info ] [ LOG ] INIT File
---------------------------------------------------------------
[ 2017-07-31T11:28:09+08:00 ] ::1 ::1 GET /hr/index/center/index.html
[ info ] localhost/hr/index/center/index.html [运行时间：0.029000s][吞吐率：34.48req/s] [内存消耗：1,475.73kb] [文件加载：45]
[ info ] [ LANG ] E:\php\www\hr\thinkphp\lang\zh-cn.php
[ info ] [ ROUTE ] array (
  'type' => 'module',
  'module' => 
  array (
    0 => 'index',
    1 => 'center',
    2 => 'index',
  ),
)
[ info ] [ HEADER ] array (
  'host' => 'localhost',
  'connection' => 'keep-alive',
  'pragma' => 'no-cache',
  'cache-control' => 'no-cache',
  'upgrade-insecure-requests' => '1',
  'user-agent' => 'Mozilla/5.0 (Windows NT 6.1; WOW64) AppleWebKit/537.36 (KHTML, like Gecko) Chrome/56.0.2924.87 Safari/537.36',
  'accept' => 'text/html,application/xhtml+xml,application/xml;q=0.9,image/webp,*/*;q=0.8',
  'accept-encoding' => 'gzip, deflate, sdch, br',
  'accept-language' => 'zh-CN,zh;q=0.8',
  'cookie' => 'thinkphp_show_page_trace=0|0; thinkphp_show_page_trace=0|0; PHPSESSID=jb0fut69r4eg3j9i5flj3hkp10; B7F0_cart_goods_num=0',
)
[ info ] [ PARAM ] array (
)
[ info ] [ SESSION ] INIT array (
  'id' => '',
  'var_session_id' => '',
  'prefix' => 'think',
  'type' => '',
  'auto_start' => true,
)
[ info ] [ RUN ] app\index\controller\Center->index[ E:\php\www\hr\application\index\controller\Center.php ]
[ info ] [ VIEW ] E:\php\www\hr/application/index\view\center\index.html [ array (
) ]
[ info ] [ LOG ] INIT File
---------------------------------------------------------------
[ 2017-07-31T11:28:09+08:00 ] ::1 ::1 GET /hr/index/center/index.html
[ info ] localhost/hr/index/center/index.html [运行时间：0.037000s][吞吐率：27.03req/s] [内存消耗：1,475.73kb] [文件加载：45]
[ info ] [ LANG ] E:\php\www\hr\thinkphp\lang\zh-cn.php
[ info ] [ ROUTE ] array (
  'type' => 'module',
  'module' => 
  array (
    0 => 'index',
    1 => 'center',
    2 => 'index',
  ),
)
[ info ] [ HEADER ] array (
  'host' => 'localhost',
  'connection' => 'keep-alive',
  'pragma' => 'no-cache',
  'cache-control' => 'no-cache',
  'upgrade-insecure-requests' => '1',
  'user-agent' => 'Mozilla/5.0 (Windows NT 6.1; WOW64) AppleWebKit/537.36 (KHTML, like Gecko) Chrome/56.0.2924.87 Safari/537.36',
  'accept' => 'text/html,application/xhtml+xml,application/xml;q=0.9,image/webp,*/*;q=0.8',
  'accept-encoding' => 'gzip, deflate, sdch, br',
  'accept-language' => 'zh-CN,zh;q=0.8',
  'cookie' => 'thinkphp_show_page_trace=0|0; thinkphp_show_page_trace=0|0; PHPSESSID=jb0fut69r4eg3j9i5flj3hkp10; B7F0_cart_goods_num=0',
)
[ info ] [ PARAM ] array (
)
[ info ] [ SESSION ] INIT array (
  'id' => '',
  'var_session_id' => '',
  'prefix' => 'think',
  'type' => '',
  'auto_start' => true,
)
[ info ] [ RUN ] app\index\controller\Center->index[ E:\php\www\hr\application\index\controller\Center.php ]
[ info ] [ VIEW ] E:\php\www\hr/application/index\view\center\index.html [ array (
) ]
[ info ] [ LOG ] INIT File
---------------------------------------------------------------
[ 2017-07-31T11:28:10+08:00 ] ::1 ::1 GET /hr/index/center/index.html
[ info ] localhost/hr/index/center/index.html [运行时间：0.032000s][吞吐率：31.25req/s] [内存消耗：1,475.73kb] [文件加载：45]
[ info ] [ LANG ] E:\php\www\hr\thinkphp\lang\zh-cn.php
[ info ] [ ROUTE ] array (
  'type' => 'module',
  'module' => 
  array (
    0 => 'index',
    1 => 'center',
    2 => 'index',
  ),
)
[ info ] [ HEADER ] array (
  'host' => 'localhost',
  'connection' => 'keep-alive',
  'pragma' => 'no-cache',
  'cache-control' => 'no-cache',
  'upgrade-insecure-requests' => '1',
  'user-agent' => 'Mozilla/5.0 (Windows NT 6.1; WOW64) AppleWebKit/537.36 (KHTML, like Gecko) Chrome/56.0.2924.87 Safari/537.36',
  'accept' => 'text/html,application/xhtml+xml,application/xml;q=0.9,image/webp,*/*;q=0.8',
  'accept-encoding' => 'gzip, deflate, sdch, br',
  'accept-language' => 'zh-CN,zh;q=0.8',
  'cookie' => 'thinkphp_show_page_trace=0|0; thinkphp_show_page_trace=0|0; PHPSESSID=jb0fut69r4eg3j9i5flj3hkp10; B7F0_cart_goods_num=0',
)
[ info ] [ PARAM ] array (
)
[ info ] [ SESSION ] INIT array (
  'id' => '',
  'var_session_id' => '',
  'prefix' => 'think',
  'type' => '',
  'auto_start' => true,
)
[ info ] [ RUN ] app\index\controller\Center->index[ E:\php\www\hr\application\index\controller\Center.php ]
[ info ] [ VIEW ] E:\php\www\hr/application/index\view\center\index.html [ array (
) ]
[ info ] [ LOG ] INIT File
---------------------------------------------------------------
[ 2017-07-31T11:28:10+08:00 ] ::1 ::1 GET /hr/index/center/index.html
[ info ] localhost/hr/index/center/index.html [运行时间：0.032000s][吞吐率：31.25req/s] [内存消耗：1,475.73kb] [文件加载：45]
[ info ] [ LANG ] E:\php\www\hr\thinkphp\lang\zh-cn.php
[ info ] [ ROUTE ] array (
  'type' => 'module',
  'module' => 
  array (
    0 => 'index',
    1 => 'center',
    2 => 'index',
  ),
)
[ info ] [ HEADER ] array (
  'host' => 'localhost',
  'connection' => 'keep-alive',
  'pragma' => 'no-cache',
  'cache-control' => 'no-cache',
  'upgrade-insecure-requests' => '1',
  'user-agent' => 'Mozilla/5.0 (Windows NT 6.1; WOW64) AppleWebKit/537.36 (KHTML, like Gecko) Chrome/56.0.2924.87 Safari/537.36',
  'accept' => 'text/html,application/xhtml+xml,application/xml;q=0.9,image/webp,*/*;q=0.8',
  'accept-encoding' => 'gzip, deflate, sdch, br',
  'accept-language' => 'zh-CN,zh;q=0.8',
  'cookie' => 'thinkphp_show_page_trace=0|0; thinkphp_show_page_trace=0|0; PHPSESSID=jb0fut69r4eg3j9i5flj3hkp10; B7F0_cart_goods_num=0',
)
[ info ] [ PARAM ] array (
)
[ info ] [ SESSION ] INIT array (
  'id' => '',
  'var_session_id' => '',
  'prefix' => 'think',
  'type' => '',
  'auto_start' => true,
)
[ info ] [ RUN ] app\index\controller\Center->index[ E:\php\www\hr\application\index\controller\Center.php ]
[ info ] [ VIEW ] E:\php\www\hr/application/index\view\center\index.html [ array (
) ]
[ info ] [ LOG ] INIT File
---------------------------------------------------------------
[ 2017-07-31T11:28:17+08:00 ] ::1 ::1 GET /hr/index/center/index.html
[ info ] localhost/hr/index/center/index.html [运行时间：0.023000s][吞吐率：43.48req/s] [内存消耗：1,475.73kb] [文件加载：45]
[ info ] [ LANG ] E:\php\www\hr\thinkphp\lang\zh-cn.php
[ info ] [ ROUTE ] array (
  'type' => 'module',
  'module' => 
  array (
    0 => 'index',
    1 => 'center',
    2 => 'index',
  ),
)
[ info ] [ HEADER ] array (
  'host' => 'localhost',
  'connection' => 'keep-alive',
  'pragma' => 'no-cache',
  'cache-control' => 'no-cache',
  'upgrade-insecure-requests' => '1',
  'user-agent' => 'Mozilla/5.0 (Windows NT 6.1; WOW64) AppleWebKit/537.36 (KHTML, like Gecko) Chrome/56.0.2924.87 Safari/537.36',
  'accept' => 'text/html,application/xhtml+xml,application/xml;q=0.9,image/webp,*/*;q=0.8',
  'accept-encoding' => 'gzip, deflate, sdch, br',
  'accept-language' => 'zh-CN,zh;q=0.8',
  'cookie' => 'thinkphp_show_page_trace=0|5; thinkphp_show_page_trace=0|0; PHPSESSID=jb0fut69r4eg3j9i5flj3hkp10; B7F0_cart_goods_num=0',
)
[ info ] [ PARAM ] array (
)
[ info ] [ SESSION ] INIT array (
  'id' => '',
  'var_session_id' => '',
  'prefix' => 'think',
  'type' => '',
  'auto_start' => true,
)
[ info ] [ RUN ] app\index\controller\Center->index[ E:\php\www\hr\application\index\controller\Center.php ]
[ info ] [ VIEW ] E:\php\www\hr/application/index\view\center\index.html [ array (
) ]
[ info ] [ LOG ] INIT File
---------------------------------------------------------------
[ 2017-07-31T11:28:17+08:00 ] ::1 ::1 GET /hr/index/center/index.html
[ info ] localhost/hr/index/center/index.html [运行时间：0.041000s][吞吐率：24.39req/s] [内存消耗：1,475.73kb] [文件加载：45]
[ info ] [ LANG ] E:\php\www\hr\thinkphp\lang\zh-cn.php
[ info ] [ ROUTE ] array (
  'type' => 'module',
  'module' => 
  array (
    0 => 'index',
    1 => 'center',
    2 => 'index',
  ),
)
[ info ] [ HEADER ] array (
  'host' => 'localhost',
  'connection' => 'keep-alive',
  'pragma' => 'no-cache',
  'cache-control' => 'no-cache',
  'upgrade-insecure-requests' => '1',
  'user-agent' => 'Mozilla/5.0 (Windows NT 6.1; WOW64) AppleWebKit/537.36 (KHTML, like Gecko) Chrome/56.0.2924.87 Safari/537.36',
  'accept' => 'text/html,application/xhtml+xml,application/xml;q=0.9,image/webp,*/*;q=0.8',
  'accept-encoding' => 'gzip, deflate, sdch, br',
  'accept-language' => 'zh-CN,zh;q=0.8',
  'cookie' => 'thinkphp_show_page_trace=0|5; thinkphp_show_page_trace=0|0; PHPSESSID=jb0fut69r4eg3j9i5flj3hkp10; B7F0_cart_goods_num=0',
)
[ info ] [ PARAM ] array (
)
[ info ] [ SESSION ] INIT array (
  'id' => '',
  'var_session_id' => '',
  'prefix' => 'think',
  'type' => '',
  'auto_start' => true,
)
[ info ] [ RUN ] app\index\controller\Center->index[ E:\php\www\hr\application\index\controller\Center.php ]
[ info ] [ VIEW ] E:\php\www\hr/application/index\view\center\index.html [ array (
) ]
[ info ] [ LOG ] INIT File
---------------------------------------------------------------
[ 2017-07-31T11:28:17+08:00 ] ::1 ::1 GET /hr/index/center/index.html
[ info ] localhost/hr/index/center/index.html [运行时间：0.017000s][吞吐率：58.82req/s] [内存消耗：1,475.73kb] [文件加载：45]
[ info ] [ LANG ] E:\php\www\hr\thinkphp\lang\zh-cn.php
[ info ] [ ROUTE ] array (
  'type' => 'module',
  'module' => 
  array (
    0 => 'index',
    1 => 'center',
    2 => 'index',
  ),
)
[ info ] [ HEADER ] array (
  'host' => 'localhost',
  'connection' => 'keep-alive',
  'pragma' => 'no-cache',
  'cache-control' => 'no-cache',
  'upgrade-insecure-requests' => '1',
  'user-agent' => 'Mozilla/5.0 (Windows NT 6.1; WOW64) AppleWebKit/537.36 (KHTML, like Gecko) Chrome/56.0.2924.87 Safari/537.36',
  'accept' => 'text/html,application/xhtml+xml,application/xml;q=0.9,image/webp,*/*;q=0.8',
  'accept-encoding' => 'gzip, deflate, sdch, br',
  'accept-language' => 'zh-CN,zh;q=0.8',
  'cookie' => 'thinkphp_show_page_trace=0|5; thinkphp_show_page_trace=0|0; PHPSESSID=jb0fut69r4eg3j9i5flj3hkp10; B7F0_cart_goods_num=0',
)
[ info ] [ PARAM ] array (
)
[ info ] [ SESSION ] INIT array (
  'id' => '',
  'var_session_id' => '',
  'prefix' => 'think',
  'type' => '',
  'auto_start' => true,
)
[ info ] [ RUN ] app\index\controller\Center->index[ E:\php\www\hr\application\index\controller\Center.php ]
[ info ] [ VIEW ] E:\php\www\hr/application/index\view\center\index.html [ array (
) ]
[ info ] [ LOG ] INIT File
---------------------------------------------------------------
[ 2017-07-31T11:28:18+08:00 ] ::1 ::1 GET /hr/index/center/index.html
[ info ] localhost/hr/index/center/index.html [运行时间：0.029000s][吞吐率：34.48req/s] [内存消耗：1,475.73kb] [文件加载：45]
[ info ] [ LANG ] E:\php\www\hr\thinkphp\lang\zh-cn.php
[ info ] [ ROUTE ] array (
  'type' => 'module',
  'module' => 
  array (
    0 => 'index',
    1 => 'center',
    2 => 'index',
  ),
)
[ info ] [ HEADER ] array (
  'host' => 'localhost',
  'connection' => 'keep-alive',
  'pragma' => 'no-cache',
  'cache-control' => 'no-cache',
  'upgrade-insecure-requests' => '1',
  'user-agent' => 'Mozilla/5.0 (Windows NT 6.1; WOW64) AppleWebKit/537.36 (KHTML, like Gecko) Chrome/56.0.2924.87 Safari/537.36',
  'accept' => 'text/html,application/xhtml+xml,application/xml;q=0.9,image/webp,*/*;q=0.8',
  'accept-encoding' => 'gzip, deflate, sdch, br',
  'accept-language' => 'zh-CN,zh;q=0.8',
  'cookie' => 'thinkphp_show_page_trace=0|5; thinkphp_show_page_trace=0|0; PHPSESSID=jb0fut69r4eg3j9i5flj3hkp10; B7F0_cart_goods_num=0',
)
[ info ] [ PARAM ] array (
)
[ info ] [ SESSION ] INIT array (
  'id' => '',
  'var_session_id' => '',
  'prefix' => 'think',
  'type' => '',
  'auto_start' => true,
)
[ info ] [ RUN ] app\index\controller\Center->index[ E:\php\www\hr\application\index\controller\Center.php ]
[ info ] [ VIEW ] E:\php\www\hr/application/index\view\center\index.html [ array (
) ]
[ info ] [ LOG ] INIT File
---------------------------------------------------------------
[ 2017-07-31T11:28:20+08:00 ] ::1 ::1 GET /hr/index/center/huamingce.html
[ info ] localhost/hr/index/center/huamingce.html [运行时间：0.021000s][吞吐率：47.62req/s] [内存消耗：1,461.07kb] [文件加载：44]
[ info ] [ LANG ] E:\php\www\hr\thinkphp\lang\zh-cn.php
[ info ] [ ROUTE ] array (
  'type' => 'module',
  'module' => 
  array (
    0 => 'index',
    1 => 'center',
    2 => 'huamingce',
  ),
)
[ info ] [ HEADER ] array (
  'host' => 'localhost',
  'connection' => 'keep-alive',
  'upgrade-insecure-requests' => '1',
  'user-agent' => 'Mozilla/5.0 (Windows NT 6.1; WOW64) AppleWebKit/537.36 (KHTML, like Gecko) Chrome/56.0.2924.87 Safari/537.36',
  'accept' => 'text/html,application/xhtml+xml,application/xml;q=0.9,image/webp,*/*;q=0.8',
  'referer' => 'http://localhost/hr/index/center/index.html',
  'accept-encoding' => 'gzip, deflate, sdch, br',
  'accept-language' => 'zh-CN,zh;q=0.8',
  'cookie' => 'thinkphp_show_page_trace=0|5; thinkphp_show_page_trace=0|0; PHPSESSID=jb0fut69r4eg3j9i5flj3hkp10; B7F0_cart_goods_num=0',
)
[ info ] [ PARAM ] array (
)
[ info ] [ SESSION ] INIT array (
  'id' => '',
  'var_session_id' => '',
  'prefix' => 'think',
  'type' => '',
  'auto_start' => true,
)
[ info ] [ RUN ] app\index\controller\Center->huamingce[ E:\php\www\hr\application\index\controller\Center.php ]
[ info ] [ VIEW ] E:\php\www\hr/application/index\view\center\huamingce.html [ array (
) ]
[ info ] [ LOG ] INIT File
---------------------------------------------------------------
[ 2017-07-31T11:28:21+08:00 ] ::1 ::1 GET /hr/index/center/index.html
[ info ] localhost/hr/index/center/index.html [运行时间：0.017000s][吞吐率：58.82req/s] [内存消耗：1,475.29kb] [文件加载：45]
[ info ] [ LANG ] E:\php\www\hr\thinkphp\lang\zh-cn.php
[ info ] [ ROUTE ] array (
  'type' => 'module',
  'module' => 
  array (
    0 => 'index',
    1 => 'center',
    2 => 'index',
  ),
)
[ info ] [ HEADER ] array (
  'host' => 'localhost',
  'connection' => 'keep-alive',
  'upgrade-insecure-requests' => '1',
  'user-agent' => 'Mozilla/5.0 (Windows NT 6.1; WOW64) AppleWebKit/537.36 (KHTML, like Gecko) Chrome/56.0.2924.87 Safari/537.36',
  'accept' => 'text/html,application/xhtml+xml,application/xml;q=0.9,image/webp,*/*;q=0.8',
  'accept-encoding' => 'gzip, deflate, sdch, br',
  'accept-language' => 'zh-CN,zh;q=0.8',
  'cookie' => 'thinkphp_show_page_trace=0|5; thinkphp_show_page_trace=0|0; PHPSESSID=jb0fut69r4eg3j9i5flj3hkp10; B7F0_cart_goods_num=0',
)
[ info ] [ PARAM ] array (
)
[ info ] [ SESSION ] INIT array (
  'id' => '',
  'var_session_id' => '',
  'prefix' => 'think',
  'type' => '',
  'auto_start' => true,
)
[ info ] [ RUN ] app\index\controller\Center->index[ E:\php\www\hr\application\index\controller\Center.php ]
[ info ] [ VIEW ] E:\php\www\hr/application/index\view\center\index.html [ array (
) ]
[ info ] [ LOG ] INIT File
---------------------------------------------------------------
[ 2017-07-31T11:28:25+08:00 ] ::1 ::1 POST /hr/index/index/loginact.html
[ info ] localhost/hr/index/index/loginact.html [运行时间：1.719000s][吞吐率：0.58req/s] [内存消耗：2,589.42kb] [文件加载：50]
[ info ] [ LANG ] E:\php\www\hr\thinkphp\lang\zh-cn.php
[ info ] [ ROUTE ] array (
  'type' => 'module',
  'module' => 
  array (
    0 => 'index',
    1 => 'index',
    2 => 'loginact',
  ),
)
[ info ] [ HEADER ] array (
  'host' => 'localhost',
  'connection' => 'keep-alive',
  'content-length' => '22',
  'cache-control' => 'max-age=0',
  'origin' => 'http://localhost',
  'upgrade-insecure-requests' => '1',
  'user-agent' => 'Mozilla/5.0 (Windows NT 6.1; WOW64) AppleWebKit/537.36 (KHTML, like Gecko) Chrome/56.0.2924.87 Safari/537.36',
  'content-type' => 'application/x-www-form-urlencoded',
  'accept' => 'text/html,application/xhtml+xml,application/xml;q=0.9,image/webp,*/*;q=0.8',
  'referer' => 'http://localhost/hr/index/index/login.html',
  'accept-encoding' => 'gzip, deflate, br',
  'accept-language' => 'zh-CN,zh;q=0.8',
  'cookie' => 'thinkphp_show_page_trace=1|4; thinkphp_show_page_trace=0|0; PHPSESSID=jb0fut69r4eg3j9i5flj3hkp10; B7F0_cart_goods_num=0',
)
[ info ] [ PARAM ] array (
  'uname' => '123',
  'upass' => '123456',
)
[ info ] [ RUN ] app\index\controller\Index->loginAct[ E:\php\www\hr\application\index\controller\Index.php ]
[ info ] [ DB ] INIT mysql
[ info ] [ SESSION ] INIT array (
  'id' => '',
  'var_session_id' => '',
  'prefix' => 'think',
  'type' => '',
  'auto_start' => true,
)
[ info ] [ LOG ] INIT File
[ sql ] [ DB ] CONNECT:[ UseTime:1.475000s ] mysql:dbname=r9uv23iw2j;host=rm-bp1dx8c6774yz15o9.mysql.rds.aliyuncs.com;charset=utf8
[ sql ] [ SQL ] SHOW COLUMNS FROM `hr_user` [ RunTime:0.072000s ]
[ sql ] [ SQL ] SELECT * FROM `hr_user` WHERE  `uname` = '123' LIMIT 1 [ RunTime:0.119000s ]
---------------------------------------------------------------
[ 2017-07-31T11:28:25+08:00 ] ::1 ::1 GET /hr/index/center/index.html
[ info ] localhost/hr/index/center/index.html [运行时间：0.028000s][吞吐率：35.71req/s] [内存消耗：1,475.84kb] [文件加载：45]
[ info ] [ LANG ] E:\php\www\hr\thinkphp\lang\zh-cn.php
[ info ] [ ROUTE ] array (
  'type' => 'module',
  'module' => 
  array (
    0 => 'index',
    1 => 'center',
    2 => 'index',
  ),
)
[ info ] [ HEADER ] array (
  'host' => 'localhost',
  'connection' => 'keep-alive',
  'cache-control' => 'max-age=0',
  'upgrade-insecure-requests' => '1',
  'user-agent' => 'Mozilla/5.0 (Windows NT 6.1; WOW64) AppleWebKit/537.36 (KHTML, like Gecko) Chrome/56.0.2924.87 Safari/537.36',
  'accept' => 'text/html,application/xhtml+xml,application/xml;q=0.9,image/webp,*/*;q=0.8',
  'referer' => 'http://localhost/hr/index/index/login.html',
  'accept-encoding' => 'gzip, deflate, sdch, br',
  'accept-language' => 'zh-CN,zh;q=0.8',
  'cookie' => 'thinkphp_show_page_trace=0|5; thinkphp_show_page_trace=0|0; PHPSESSID=jb0fut69r4eg3j9i5flj3hkp10; B7F0_cart_goods_num=0',
)
[ info ] [ PARAM ] array (
)
[ info ] [ SESSION ] INIT array (
  'id' => '',
  'var_session_id' => '',
  'prefix' => 'think',
  'type' => '',
  'auto_start' => true,
)
[ info ] [ RUN ] app\index\controller\Center->index[ E:\php\www\hr\application\index\controller\Center.php ]
[ info ] [ VIEW ] E:\php\www\hr/application/index\view\center\index.html [ array (
) ]
[ info ] [ LOG ] INIT File
---------------------------------------------------------------
[ 2017-07-31T11:30:15+08:00 ] ::1 ::1 GET /hr/index/center/index.html
[ info ] localhost/hr/index/center/index.html [运行时间：0.031000s][吞吐率：32.26req/s] [内存消耗：1,476.18kb] [文件加载：45]
[ info ] [ LANG ] E:\php\www\hr\thinkphp\lang\zh-cn.php
[ info ] [ ROUTE ] array (
  'type' => 'module',
  'module' => 
  array (
    0 => 'index',
    1 => 'center',
    2 => 'index',
  ),
)
[ info ] [ HEADER ] array (
  'host' => 'localhost',
  'connection' => 'keep-alive',
  'pragma' => 'no-cache',
  'cache-control' => 'no-cache',
  'upgrade-insecure-requests' => '1',
  'user-agent' => 'Mozilla/5.0 (Windows NT 6.1; WOW64) AppleWebKit/537.36 (KHTML, like Gecko) Chrome/56.0.2924.87 Safari/537.36',
  'accept' => 'text/html,application/xhtml+xml,application/xml;q=0.9,image/webp,*/*;q=0.8',
  'referer' => 'http://localhost/hr/index/index/login.html',
  'accept-encoding' => 'gzip, deflate, sdch, br',
  'accept-language' => 'zh-CN,zh;q=0.8',
  'cookie' => 'thinkphp_show_page_trace=0|5; thinkphp_show_page_trace=0|0; PHPSESSID=jb0fut69r4eg3j9i5flj3hkp10; B7F0_cart_goods_num=0',
)
[ info ] [ PARAM ] array (
)
[ info ] [ SESSION ] INIT array (
  'id' => '',
  'var_session_id' => '',
  'prefix' => 'think',
  'type' => '',
  'auto_start' => true,
)
[ info ] [ RUN ] app\index\controller\Center->index[ E:\php\www\hr\application\index\controller\Center.php ]
[ info ] [ VIEW ] E:\php\www\hr/application/index\view\center\index.html [ array (
) ]
[ info ] [ LOG ] INIT File
---------------------------------------------------------------
[ 2017-07-31T11:32:18+08:00 ] ::1 ::1 GET /hr/index/center/index.html
[ info ] localhost/hr/index/center/index.html [运行时间：0.035000s][吞吐率：28.57req/s] [内存消耗：1,476.78kb] [文件加载：45]
[ info ] [ LANG ] E:\php\www\hr\thinkphp\lang\zh-cn.php
[ info ] [ ROUTE ] array (
  'type' => 'module',
  'module' => 
  array (
    0 => 'index',
    1 => 'center',
    2 => 'index',
  ),
)
[ info ] [ HEADER ] array (
  'host' => 'localhost',
  'connection' => 'keep-alive',
  'pragma' => 'no-cache',
  'cache-control' => 'no-cache',
  'upgrade-insecure-requests' => '1',
  'user-agent' => 'Mozilla/5.0 (Windows NT 6.1; WOW64) AppleWebKit/537.36 (KHTML, like Gecko) Chrome/56.0.2924.87 Safari/537.36',
  'accept' => 'text/html,application/xhtml+xml,application/xml;q=0.9,image/webp,*/*;q=0.8',
  'referer' => 'http://localhost/hr/index/index/login.html',
  'accept-encoding' => 'gzip, deflate, sdch, br',
  'accept-language' => 'zh-CN,zh;q=0.8',
  'cookie' => 'thinkphp_show_page_trace=0|5; thinkphp_show_page_trace=0|0; PHPSESSID=jb0fut69r4eg3j9i5flj3hkp10; B7F0_cart_goods_num=0',
)
[ info ] [ PARAM ] array (
)
[ info ] [ SESSION ] INIT array (
  'id' => '',
  'var_session_id' => '',
  'prefix' => 'think',
  'type' => '',
  'auto_start' => true,
)
[ info ] [ RUN ] app\index\controller\Center->index[ E:\php\www\hr\application\index\controller\Center.php ]
[ info ] [ VIEW ] E:\php\www\hr/application/index\view\center\index.html [ array (
) ]
[ info ] [ LOG ] INIT File
---------------------------------------------------------------
[ 2017-07-31T11:32:32+08:00 ] ::1 ::1 GET /hr/index/center/index.html
[ info ] localhost/hr/index/center/index.html [运行时间：0.021000s][吞吐率：47.62req/s] [内存消耗：1,476.20kb] [文件加载：45]
[ info ] [ LANG ] E:\php\www\hr\thinkphp\lang\zh-cn.php
[ info ] [ ROUTE ] array (
  'type' => 'module',
  'module' => 
  array (
    0 => 'index',
    1 => 'center',
    2 => 'index',
  ),
)
[ info ] [ HEADER ] array (
  'host' => 'localhost',
  'connection' => 'keep-alive',
  'pragma' => 'no-cache',
  'cache-control' => 'no-cache',
  'upgrade-insecure-requests' => '1',
  'user-agent' => 'Mozilla/5.0 (Windows NT 6.1; WOW64) AppleWebKit/537.36 (KHTML, like Gecko) Chrome/56.0.2924.87 Safari/537.36',
  'accept' => 'text/html,application/xhtml+xml,application/xml;q=0.9,image/webp,*/*;q=0.8',
  'referer' => 'http://localhost/hr/index/index/login.html',
  'accept-encoding' => 'gzip, deflate, sdch, br',
  'accept-language' => 'zh-CN,zh;q=0.8',
  'cookie' => 'thinkphp_show_page_trace=0|5; thinkphp_show_page_trace=0|0; PHPSESSID=jb0fut69r4eg3j9i5flj3hkp10; B7F0_cart_goods_num=0',
)
[ info ] [ PARAM ] array (
)
[ info ] [ SESSION ] INIT array (
  'id' => '',
  'var_session_id' => '',
  'prefix' => 'think',
  'type' => '',
  'auto_start' => true,
)
[ info ] [ RUN ] app\index\controller\Center->index[ E:\php\www\hr\application\index\controller\Center.php ]
[ info ] [ VIEW ] E:\php\www\hr/application/index\view\center\index.html [ array (
) ]
[ info ] [ LOG ] INIT File
---------------------------------------------------------------
[ 2017-07-31T11:32:37+08:00 ] ::1 ::1 GET /hr/index/center/index.html
[ info ] localhost/hr/index/center/index.html [运行时间：0.021000s][吞吐率：47.62req/s] [内存消耗：1,476.26kb] [文件加载：45]
[ info ] [ LANG ] E:\php\www\hr\thinkphp\lang\zh-cn.php
[ info ] [ ROUTE ] array (
  'type' => 'module',
  'module' => 
  array (
    0 => 'index',
    1 => 'center',
    2 => 'index',
  ),
)
[ info ] [ HEADER ] array (
  'host' => 'localhost',
  'connection' => 'keep-alive',
  'pragma' => 'no-cache',
  'cache-control' => 'no-cache',
  'upgrade-insecure-requests' => '1',
  'user-agent' => 'Mozilla/5.0 (Windows NT 6.1; WOW64) AppleWebKit/537.36 (KHTML, like Gecko) Chrome/56.0.2924.87 Safari/537.36',
  'accept' => 'text/html,application/xhtml+xml,application/xml;q=0.9,image/webp,*/*;q=0.8',
  'referer' => 'http://localhost/hr/index/index/login.html',
  'accept-encoding' => 'gzip, deflate, sdch, br',
  'accept-language' => 'zh-CN,zh;q=0.8',
  'cookie' => 'thinkphp_show_page_trace=0|5; thinkphp_show_page_trace=0|0; PHPSESSID=jb0fut69r4eg3j9i5flj3hkp10; B7F0_cart_goods_num=0',
)
[ info ] [ PARAM ] array (
)
[ info ] [ SESSION ] INIT array (
  'id' => '',
  'var_session_id' => '',
  'prefix' => 'think',
  'type' => '',
  'auto_start' => true,
)
[ info ] [ RUN ] app\index\controller\Center->index[ E:\php\www\hr\application\index\controller\Center.php ]
[ info ] [ VIEW ] E:\php\www\hr/application/index\view\center\index.html [ array (
) ]
[ info ] [ LOG ] INIT File
---------------------------------------------------------------
[ 2017-07-31T11:32:50+08:00 ] ::1 ::1 GET /hr/index/center/index.html
[ info ] localhost/hr/index/center/index.html [运行时间：0.020000s][吞吐率：50.00req/s] [内存消耗：1,407.81kb] [文件加载：41]
[ info ] [ LANG ] E:\php\www\hr\thinkphp\lang\zh-cn.php
[ info ] [ ROUTE ] array (
  'type' => 'module',
  'module' => 
  array (
    0 => 'index',
    1 => 'center',
    2 => 'index',
  ),
)
[ info ] [ HEADER ] array (
  'host' => 'localhost',
  'connection' => 'keep-alive',
  'pragma' => 'no-cache',
  'cache-control' => 'no-cache',
  'upgrade-insecure-requests' => '1',
  'user-agent' => 'Mozilla/5.0 (Windows NT 6.1; WOW64) AppleWebKit/537.36 (KHTML, like Gecko) Chrome/56.0.2924.87 Safari/537.36',
  'accept' => 'text/html,application/xhtml+xml,application/xml;q=0.9,image/webp,*/*;q=0.8',
  'referer' => 'http://localhost/hr/index/index/login.html',
  'accept-encoding' => 'gzip, deflate, sdch, br',
  'accept-language' => 'zh-CN,zh;q=0.8',
  'cookie' => 'thinkphp_show_page_trace=0|5; thinkphp_show_page_trace=0|0; PHPSESSID=jb0fut69r4eg3j9i5flj3hkp10; B7F0_cart_goods_num=0',
)
[ info ] [ PARAM ] array (
)
[ info ] [ SESSION ] INIT array (
  'id' => '',
  'var_session_id' => '',
  'prefix' => 'think',
  'type' => '',
  'auto_start' => true,
)
[ info ] [ RUN ] app\index\controller\Center->index[ E:\php\www\hr\application\index\controller\Center.php ]
[ info ] [ LOG ] INIT File
---------------------------------------------------------------
[ 2017-07-31T11:32:50+08:00 ] ::1 ::1 GET /hr/index/center/selectcompany.html
[ info ] localhost/hr/index/center/selectcompany.html [运行时间：0.016000s][吞吐率：62.50req/s] [内存消耗：1,385.43kb] [文件加载：41]
[ info ] [ LANG ] E:\php\www\hr\thinkphp\lang\zh-cn.php
[ info ] [ ROUTE ] array (
  'type' => 'module',
  'module' => 
  array (
    0 => 'index',
    1 => 'center',
    2 => 'selectcompany',
  ),
)
[ info ] [ HEADER ] array (
  'host' => 'localhost',
  'connection' => 'keep-alive',
  'pragma' => 'no-cache',
  'cache-control' => 'no-cache',
  'upgrade-insecure-requests' => '1',
  'user-agent' => 'Mozilla/5.0 (Windows NT 6.1; WOW64) AppleWebKit/537.36 (KHTML, like Gecko) Chrome/56.0.2924.87 Safari/537.36',
  'accept' => 'text/html,application/xhtml+xml,application/xml;q=0.9,image/webp,*/*;q=0.8',
  'referer' => 'http://localhost/hr/index/index/login.html',
  'accept-encoding' => 'gzip, deflate, sdch, br',
  'accept-language' => 'zh-CN,zh;q=0.8',
  'cookie' => 'thinkphp_show_page_trace=0|5; thinkphp_show_page_trace=0|0; PHPSESSID=jb0fut69r4eg3j9i5flj3hkp10; B7F0_cart_goods_num=0',
)
[ info ] [ PARAM ] array (
)
[ info ] [ SESSION ] INIT array (
  'id' => '',
  'var_session_id' => '',
  'prefix' => 'think',
  'type' => '',
  'auto_start' => true,
)
[ info ] [ RUN ] app\index\controller\Center->selectCompany[ E:\php\www\hr\application\index\controller\Center.php ]
[ info ] [ LOG ] INIT File
---------------------------------------------------------------
[ 2017-07-31T11:33:05+08:00 ] ::1 ::1 GET /hr/index/center/selectcompany.html
[ info ] localhost/hr/index/center/selectcompany.html [运行时间：0.035000s][吞吐率：28.57req/s] [内存消耗：1,385.41kb] [文件加载：41]
[ info ] [ LANG ] E:\php\www\hr\thinkphp\lang\zh-cn.php
[ info ] [ ROUTE ] array (
  'type' => 'module',
  'module' => 
  array (
    0 => 'index',
    1 => 'center',
    2 => 'selectcompany',
  ),
)
[ info ] [ HEADER ] array (
  'host' => 'localhost',
  'connection' => 'keep-alive',
  'pragma' => 'no-cache',
  'cache-control' => 'no-cache',
  'upgrade-insecure-requests' => '1',
  'user-agent' => 'Mozilla/5.0 (Windows NT 6.1; WOW64) AppleWebKit/537.36 (KHTML, like Gecko) Chrome/56.0.2924.87 Safari/537.36',
  'accept' => 'text/html,application/xhtml+xml,application/xml;q=0.9,image/webp,*/*;q=0.8',
  'referer' => 'http://localhost/hr/index/index/login.html',
  'accept-encoding' => 'gzip, deflate, sdch, br',
  'accept-language' => 'zh-CN,zh;q=0.8',
  'cookie' => 'thinkphp_show_page_trace=0|5; thinkphp_show_page_trace=0|0; PHPSESSID=jb0fut69r4eg3j9i5flj3hkp10; B7F0_cart_goods_num=0',
)
[ info ] [ PARAM ] array (
)
[ info ] [ SESSION ] INIT array (
  'id' => '',
  'var_session_id' => '',
  'prefix' => 'think',
  'type' => '',
  'auto_start' => true,
)
[ info ] [ RUN ] app\index\controller\Center->selectCompany[ E:\php\www\hr\application\index\controller\Center.php ]
[ info ] [ LOG ] INIT File
---------------------------------------------------------------
[ 2017-07-31T11:41:55+08:00 ] ::1 ::1 GET /hr/index/center/selectcompany.html
[ info ] localhost/hr/index/center/selectcompany.html [运行时间：0.807000s][吞吐率：1.24req/s] [内存消耗：2,591.36kb] [文件加载：53]
[ info ] [ LANG ] E:\php\www\hr\thinkphp\lang\zh-cn.php
[ info ] [ ROUTE ] array (
  'type' => 'module',
  'module' => 
  array (
    0 => 'index',
    1 => 'center',
    2 => 'selectcompany',
  ),
)
[ info ] [ HEADER ] array (
  'host' => 'localhost',
  'connection' => 'keep-alive',
  'pragma' => 'no-cache',
  'cache-control' => 'no-cache',
  'upgrade-insecure-requests' => '1',
  'user-agent' => 'Mozilla/5.0 (Windows NT 6.1; WOW64) AppleWebKit/537.36 (KHTML, like Gecko) Chrome/56.0.2924.87 Safari/537.36',
  'accept' => 'text/html,application/xhtml+xml,application/xml;q=0.9,image/webp,*/*;q=0.8',
  'referer' => 'http://localhost/hr/index/index/login.html',
  'accept-encoding' => 'gzip, deflate, sdch, br',
  'accept-language' => 'zh-CN,zh;q=0.8',
  'cookie' => 'thinkphp_show_page_trace=0|5; thinkphp_show_page_trace=0|0; PHPSESSID=jb0fut69r4eg3j9i5flj3hkp10; B7F0_cart_goods_num=0',
)
[ info ] [ PARAM ] array (
)
[ info ] [ SESSION ] INIT array (
  'id' => '',
  'var_session_id' => '',
  'prefix' => 'think',
  'type' => '',
  'auto_start' => true,
)
[ info ] [ RUN ] app\index\controller\Center->selectCompany[ E:\php\www\hr\application\index\controller\Center.php ]
[ info ] [ DB ] INIT mysql
[ info ] [ VIEW ] E:\php\www\hr/application/index\view\center\selectcompany.html [ array (
  0 => 'companyList',
) ]
[ info ] [ LOG ] INIT File
[ sql ] [ DB ] CONNECT:[ UseTime:0.497000s ] mysql:dbname=r9uv23iw2j;host=rm-bp1dx8c6774yz15o9.mysql.rds.aliyuncs.com;charset=utf8
[ sql ] [ SQL ] SHOW COLUMNS FROM `hr_company` [ RunTime:0.117000s ]
[ sql ] [ SQL ] SELECT * FROM `hr_company` ORDER BY create_time desc [ RunTime:0.161000s ]
---------------------------------------------------------------
[ 2017-07-31T11:43:48+08:00 ] ::1 ::1 GET /hr/index/center/selectcompany.html
[ info ] localhost/hr/index/center/selectcompany.html [运行时间：0.028000s][吞吐率：35.71req/s] [内存消耗：2,384.60kb] [文件加载：52]
[ info ] [ LANG ] E:\php\www\hr\thinkphp\lang\zh-cn.php
[ info ] [ ROUTE ] array (
  'type' => 'module',
  'module' => 
  array (
    0 => 'index',
    1 => 'center',
    2 => 'selectcompany',
  ),
)
[ info ] [ HEADER ] array (
  'host' => 'localhost',
  'connection' => 'keep-alive',
  'pragma' => 'no-cache',
  'cache-control' => 'no-cache',
  'upgrade-insecure-requests' => '1',
  'user-agent' => 'Mozilla/5.0 (Windows NT 6.1; WOW64) AppleWebKit/537.36 (KHTML, like Gecko) Chrome/56.0.2924.87 Safari/537.36',
  'accept' => 'text/html,application/xhtml+xml,application/xml;q=0.9,image/webp,*/*;q=0.8',
  'referer' => 'http://localhost/hr/index/index/login.html',
  'accept-encoding' => 'gzip, deflate, sdch, br',
  'accept-language' => 'zh-CN,zh;q=0.8',
  'cookie' => 'thinkphp_show_page_trace=0|4; thinkphp_show_page_trace=0|0; PHPSESSID=jb0fut69r4eg3j9i5flj3hkp10; B7F0_cart_goods_num=0',
)
[ info ] [ PARAM ] array (
)
[ info ] [ SESSION ] INIT array (
  'id' => '',
  'var_session_id' => '',
  'prefix' => 'think',
  'type' => '',
  'auto_start' => true,
)
[ info ] [ RUN ] app\index\controller\Center->selectCompany[ E:\php\www\hr\application\index\controller\Center.php ]
[ info ] [ DB ] INIT mysql
[ info ] [ LOG ] INIT File
[ error ] [8]未定义数组索引: id[E:\php\www\hr\application\index\controller\Center.php:24]
---------------------------------------------------------------
[ 2017-07-31T11:44:05+08:00 ] ::1 ::1 GET /hr/index/center/selectcompany.html
[ info ] localhost/hr/index/center/selectcompany.html [运行时间：0.603000s][吞吐率：1.66req/s] [内存消耗：2,455.57kb] [文件加载：51]
[ info ] [ LANG ] E:\php\www\hr\thinkphp\lang\zh-cn.php
[ info ] [ ROUTE ] array (
  'type' => 'module',
  'module' => 
  array (
    0 => 'index',
    1 => 'center',
    2 => 'selectcompany',
  ),
)
[ info ] [ HEADER ] array (
  'host' => 'localhost',
  'connection' => 'keep-alive',
  'pragma' => 'no-cache',
  'cache-control' => 'no-cache',
  'upgrade-insecure-requests' => '1',
  'user-agent' => 'Mozilla/5.0 (Windows NT 6.1; WOW64) AppleWebKit/537.36 (KHTML, like Gecko) Chrome/56.0.2924.87 Safari/537.36',
  'accept' => 'text/html,application/xhtml+xml,application/xml;q=0.9,image/webp,*/*;q=0.8',
  'referer' => 'http://localhost/hr/index/index/login.html',
  'accept-encoding' => 'gzip, deflate, sdch, br',
  'accept-language' => 'zh-CN,zh;q=0.8',
  'cookie' => 'thinkphp_show_page_trace=0|4; thinkphp_show_page_trace=0|0; PHPSESSID=jb0fut69r4eg3j9i5flj3hkp10; B7F0_cart_goods_num=0',
)
[ info ] [ PARAM ] array (
)
[ info ] [ SESSION ] INIT array (
  'id' => '',
  'var_session_id' => '',
  'prefix' => 'think',
  'type' => '',
  'auto_start' => true,
)
[ info ] [ RUN ] app\index\controller\Center->selectCompany[ E:\php\www\hr\application\index\controller\Center.php ]
[ info ] [ DB ] INIT mysql
[ info ] [ VIEW ] E:\php\www\hr/application/index\view\center\selectcompany.html [ array (
  0 => 'companyList',
) ]
[ info ] [ LOG ] INIT File
[ sql ] [ DB ] CONNECT:[ UseTime:0.394000s ] mysql:dbname=r9uv23iw2j;host=rm-bp1dx8c6774yz15o9.mysql.rds.aliyuncs.com;charset=utf8
[ sql ] [ SQL ] SHOW COLUMNS FROM `hr_company` [ RunTime:0.081000s ]
[ sql ] [ SQL ] SELECT * FROM `hr_company` WHERE  `uid` = 1 ORDER BY create_time desc [ RunTime:0.081000s ]
---------------------------------------------------------------
[ 2017-07-31T11:51:18+08:00 ] ::1 ::1 GET /hr/index/center/selectcompany.html
[ info ] localhost/hr/index/center/selectcompany.html [运行时间：12.066000s][吞吐率：0.08req/s] [内存消耗：2,394.79kb] [文件加载：52]
[ info ] [ LANG ] E:\php\www\hr\thinkphp\lang\zh-cn.php
[ info ] [ ROUTE ] array (
  'type' => 'module',
  'module' => 
  array (
    0 => 'index',
    1 => 'center',
    2 => 'selectcompany',
  ),
)
[ info ] [ HEADER ] array (
  'host' => 'localhost',
  'connection' => 'keep-alive',
  'pragma' => 'no-cache',
  'cache-control' => 'no-cache',
  'upgrade-insecure-requests' => '1',
  'user-agent' => 'Mozilla/5.0 (Windows NT 6.1; WOW64) AppleWebKit/537.36 (KHTML, like Gecko) Chrome/56.0.2924.87 Safari/537.36',
  'accept' => 'text/html,application/xhtml+xml,application/xml;q=0.9,image/webp,*/*;q=0.8',
  'referer' => 'http://localhost/hr/index/index/login.html',
  'accept-encoding' => 'gzip, deflate, sdch, br',
  'accept-language' => 'zh-CN,zh;q=0.8',
  'cookie' => 'thinkphp_show_page_trace=0|4; thinkphp_show_page_trace=0|0; PHPSESSID=jb0fut69r4eg3j9i5flj3hkp10; B7F0_cart_goods_num=0',
)
[ info ] [ PARAM ] array (
)
[ info ] [ SESSION ] INIT array (
  'id' => '',
  'var_session_id' => '',
  'prefix' => 'think',
  'type' => '',
  'auto_start' => true,
)
[ info ] [ RUN ] app\index\controller\Center->selectCompany[ E:\php\www\hr\application\index\controller\Center.php ]
[ info ] [ DB ] INIT mysql
[ info ] [ LOG ] INIT File
[ error ] [2002]SQLSTATE[HY000] [2002] php_network_getaddresses: getaddrinfo failed: ֪ [E:\php\www\hr\thinkphp\library\think\db\Connection.php:293]
